#
# A fatal error has been detected by the Java Runtime Environment:
#
#  EXCEPTION_ACCESS_VIOLATION (0xc0000005) at pc=0x00007ff9bcfb3004, pid=14684, tid=32944
#
# JRE version: OpenJDK Runtime Environment (24.0+36) (build 24+36-3646)
# Java VM: OpenJDK 64-Bit Server VM (24+36-3646, mixed mode, sharing, tiered, compressed oops, compressed class ptrs, g1 gc, windows-amd64)
# Problematic frame:
# C  [libasyncProfiler.dll+0x93004]
#
# No core dump will be written. Minidumps are not enabled by default on client versions of Windows
#
# JFR recording file will be written. Location: C:\Users\DELL\OneDrive\Escritorio\Practicas_EDA\EDA_PRAC_2_CalveiroTreitlLucaNicol嫳_ArreciadoYukhnenkoDavidManuel\hs_err_pid14684.jfr
#
# If you would like to submit a bug report, please visit:
#   https://bugreport.java.com/bugreport/crash.jsp
# The crash happened outside the Java Virtual Machine in native code.
# See problematic frame for where to report the bug.
#

---------------  S U M M A R Y ------------

Command Line: -javaagent:C:\Program Files\JetBrains\IntelliJ IDEA 2024.3.5\lib\idea_rt.jar=60268 -agentpath:C:\Users\DELL\AppData\Local\Temp\idea_libasyncProfiler_dll_temp_folder\libasyncProfiler.dll=start,jfr,event=wall,interval=10ms,jfrsync=profile,cstack=no,file=C:\Users\DELL\IdeaSnapshots\Test_DR_1_2025_05_13_202816.jfr,dbghelppath=C:\Users\DELL\AppData\Local\Temp\idea_dbghelp_dll_temp_folder\dbghelp.dll,log=C:\Users\DELL\AppData\Local\Temp\Test_DR_1_2025_05_13_202816.jfr.log.txt,logLevel=DEBUG -Dfile.encoding=UTF-8 -Dsun.stdout.encoding=UTF-8 -Dsun.stderr.encoding=UTF-8 test.Test_DR_1

Host: 13th Gen Intel(R) Core(TM) i9-13900HX, 32 cores, 31G,  Windows 11 , 64 bit Build 26100 (10.0.26100.3912)
Time: Tue May 13 20:28:17 2025 Hora de verano romance elapsed time: 0.399818 seconds (0d 0h 0m 0s)

---------------  T H R E A D  ---------------

Current thread (0x00000218de9bcfa0):  JavaThread "main"             [_thread_in_native, id=32944, stack(0x0000008dcff00000,0x0000008dd0000000) (1024K)]

Stack: [0x0000008dcff00000,0x0000008dd0000000],  sp=0x0000008dcfffe6d0,  free space=1017k
Native frames: (J=compiled Java code, j=interpreted, Vv=VM code, C=native code)
C  [libasyncProfiler.dll+0x93004]  (no source info available)
C  [libasyncProfiler.dll+0x934db]  (no source info available)
C  [libasyncProfiler.dll+0x92134]  (no source info available)
C  [libasyncProfiler.dll+0x929aa]  (no source info available)
C  [libasyncProfiler.dll+0x8d561]  (no source info available)
C  [libasyncProfiler.dll+0x7ef21]  (no source info available)
C  [libasyncProfiler.dll+0x7dc38]  (no source info available)
C  [libasyncProfiler.dll+0x7db20]  (no source info available)
C  [libasyncProfiler.dll+0x83c3c]  (no source info available)
V  [jvm.dll+0x5e3a5e]  (no source info available)
V  [jvm.dll+0x8861e6]  (no source info available)
V  [jvm.dll+0x49604e]  (no source info available)
V  [jvm.dll+0x497e21]  (no source info available)
C  [jli.dll+0x52a1]  (no source info available)
C  [ucrtbase.dll+0x37b0]  (no source info available)
C  [KERNEL32.DLL+0x2e8d7]  (no source info available)
C  [ntdll.dll+0x9c5dc]  (no source info available)


siginfo: EXCEPTION_ACCESS_VIOLATION (0xc0000005), reading address 0xffffffffffffffff


Registers:
RAX=0x0000000000000010, RBX=0x0000000000000000, RCX=0xffffffffffffffff, RDX=0x007ff96eca2ff010
RSP=0x0000008dcfffe6d0, RBP=0x0000021888474aa8, RSI=0x0000008dcfffe840, RDI=0x0000021888474aa8
R8 =0x0000000000000042, R9 =0x0000000624401ee8, R10=0x00007ff96ef19fc0, R11=0x0000000000000002
R12=0x0000008dcfffe840, R13=0x00000218e0df7f90, R14=0x00000218de9bd368, R15=0x00000218de9bd368
RIP=0x00007ff9bcfb3004, EFLAGS=0x0000000000010202

XMM[0]=0x0000000000000000 0x0000000000000000
XMM[1]=0x0000000000000000 0x0000000000000000
XMM[2]=0x0000000000000000 0x0000000000000000
XMM[3]=0x0000000000000000 0x0000000000000000
XMM[4]=0x0000000000000000 0x0000000000000000
XMM[5]=0x0000000000000000 0x0000000000000000
XMM[6]=0x0000000000000000 0x0000000000000000
XMM[7]=0x0000000000000000 0x0000000000000000
XMM[8]=0x0000000000000000 0x0000000000000000
XMM[9]=0x0000000000000000 0x0000000000000000
XMM[10]=0x0000000000000000 0x0000000000000000
XMM[11]=0x0000000000000000 0x0000000000000000
XMM[12]=0x0000000000000000 0x0000000000000000
XMM[13]=0x0000000000000000 0x0000000000000000
XMM[14]=0x0000000000000000 0x0000000000000000
XMM[15]=0x0000000000000000 0x0000000000000000
  MXCSR=0x00001fa0


Register to memory mapping:

RAX=0x0000000000000010 is an unknown value
RBX=0x0 is null
RCX=0xffffffffffffffff is an unknown value
RDX=0x007ff96eca2ff010 is an unknown value
RSP=0x0000008dcfffe6d0 is pointing into the stack for thread: 0x00000218de9bcfa0
RBP=0x0000021888474aa8 points into unknown readable memory: 0x0000000624401ee8 | e8 1e 40 24 06 00 00 00
RSI=0x0000008dcfffe840 is pointing into the stack for thread: 0x00000218de9bcfa0
RDI=0x0000021888474aa8 points into unknown readable memory: 0x0000000624401ee8 | e8 1e 40 24 06 00 00 00
R8 =0x0000000000000042 is an unknown value
R9 =0x0000000624401ee8 is an oop: java.lang.Thread 
{0x0000000624401ee8} - klass: 'java/lang/Thread' - flags: 

 - ---- fields (total size 14 words):
 - 'threadLocalRandomProbe' 'I' @12  0 (0x00000000)
 - private volatile 'eetop' 'J' @16  2305837223840 (0x00000218de9bcfa0)
 - private final 'tid' 'J' @24  3 (0x0000000000000003)
 - 'threadLocalRandomSeed' 'J' @32  0 (0x0000000000000000)
 - injected 'jvmti_thread_state' 'J' @40  2304386075024 (0x00000218881d0990)
 - 'threadLocalRandomSecondarySeed' 'I' @48  0 (0x00000000)
 - injected 'jvmti_VTMS_transition_disable_count' 'I' @52  0 (0x00000000)
 - injected 'jfr_epoch' 'S' @56  0 (0x0000)
 - volatile 'interrupted' 'Z' @58  false (0x00)
 - injected 'jvmti_is_in_VTMS_transition' 'Z' @59  false (0x00)
 - private volatile 'name' 'Ljava/lang/String;' @60  "main"{0x0000000624401f58} (0xc48803eb)
 - private volatile 'contextClassLoader' 'Ljava/lang/ClassLoader;' @64  a 'jdk/internal/loader/ClassLoaders$AppClassLoader'{0x0000000624417a08} (0xc4882f41)
 - private final 'holder' 'Ljava/lang/Thread$FieldHolder;' @68  a 'java/lang/Thread$FieldHolder'{0x0000000624401f98} (0xc48803f3)
 - 'threadLocals' 'Ljava/lang/ThreadLocal$ThreadLocalMap;' @72  a 'java/lang/ThreadLocal$ThreadLocalMap'{0x00000006247219e0} (0xc48e433c)
 - 'inheritableThreadLocals' 'Ljava/lang/ThreadLocal$ThreadLocalMap;' @76  null (0x00000000)
 - private 'scopedValueBindings' 'Ljava/lang/Object;' @80  a 'java/lang/Class'{0x00000007ffc7c280} = 'java/lang/Thread' (0xfff8f850)
 - final 'interruptLock' 'Ljava/lang/Object;' @84  a 'java/lang/Object'{0x0000000624401f88} (0xc48803f1)
 - private volatile 'parkBlocker' 'Ljava/lang/Object;' @88  null (0x00000000)
 - private 'nioBlocker' 'Lsun/nio/ch/Interruptible;' @92  null (0x00000000)
 - private 'cont' 'Ljdk/internal/vm/Continuation;' @96  null (0x00000000)
 - private volatile 'uncaughtExceptionHandler' 'Ljava/lang/Thread$UncaughtExceptionHandler;' @100  null (0x00000000)
 - private 'container' 'Ljdk/internal/vm/ThreadContainer;' @104  null (0x00000000)
 - private volatile 'headStackableScopes' 'Ljdk/internal/vm/StackableScope;' @108  null (0x00000000)
R10=0x00007ff96ef19fc0 jvm.dll
R11=0x0000000000000002 is an unknown value
R12=0x0000008dcfffe840 is pointing into the stack for thread: 0x00000218de9bcfa0
R13=0x00000218e0df7f90 points into unknown readable memory: 0x00007ff96ee8a510 | 10 a5 e8 6e f9 7f 00 00
R14=0x00000218de9bd368 points into unknown readable memory: 0x00007ff96ee817b0 | b0 17 e8 6e f9 7f 00 00
R15=0x00000218de9bd368 points into unknown readable memory: 0x00007ff96ee817b0 | b0 17 e8 6e f9 7f 00 00

Top of Stack: (sp=0x0000008dcfffe6d0)
0x0000008dcfffe6d0:   0000008dcfffe840 0000021888474aa8   @........JG.....
0x0000008dcfffe6e0:   0000000000000000 00000218de9bd6f0   ................
0x0000008dcfffe6f0:   0000000000000020 00007ff9bcfb34db    ........4......
0x0000008dcfffe700:   0000000000000000 00000218de9bd368   ........h.......
0x0000008dcfffe710:   0000008dcfffe801 0000000000000000   ................
0x0000008dcfffe720:   00000218ce1b4b80 00007ff9bcfb2134   .K......4!......
0x0000008dcfffe730:   0000000000000000 0000000000000020   ........ .......
0x0000008dcfffe740:   0000000000000000 0000000000000020   ........ .......
0x0000008dcfffe750:   0000000900000003 00000218ce171720   ........ .......
0x0000008dcfffe760:   00000218ce1b4b80 00000218ce1b4c00   .K.......L......
0x0000008dcfffe770:   00000218ce1b4c28 000002180000bb60   (L......`.......
0x0000008dcfffe780:   0000000000000000 0000000000000000   ................
0x0000008dcfffe790:   0000000000000000 00007ff96e6e58e4   .........Xnn....
0x0000008dcfffe7a0:   00007ff9bd10ae00 000000000000395c   ........\9......
0x0000008dcfffe7b0:   00007ff9bd10ae00 00000000ffffffff   ................
0x0000008dcfffe7c0:   0000000000000000 00007ff9bcfb29aa   .........)......
0x0000008dcfffe7d0:   00000218de9bd368 0000000000000000   h...............
0x0000008dcfffe7e0:   0000008dcfffe849 00000218e0df7f90   I...............
0x0000008dcfffe7f0:   00000218000021b4 0000000000000000   .!..............
0x0000008dcfffe800:   0000000000000000 00007ffa612d7219   .........r-a....
0x0000008dcfffe810:   00000218de9bd368 00007ff9bd10ae00   h...............
0x0000008dcfffe820:   0000000000000000 00007ff9bd04bc53   ........S.......
0x0000008dcfffe830:   0000000000000000 00000218de9bd368   ........h.......
0x0000008dcfffe840:   00000218885bd080 00000218885bd480   ..[.......[.....
0x0000008dcfffe850:   00000218885bd480 00007ff9bd10ae00   ..[.............
0x0000008dcfffe860:   00000218e0e0dee8 0000008dcfffe9d8   ................
0x0000008dcfffe870:   0000008dcfffeb10 0000000000008840   ........@.......
0x0000008dcfffe880:   00007ff9bd0fd080 00007ff9bd10ae50   ........P.......
0x0000008dcfffe890:   0000000000989680 0000000000989680   ................
0x0000008dcfffe8a0:   0000008dcfffe9b0 00007ff9bcfad561   ........a.......
0x0000008dcfffe8b0:   00007ff9bd10ae00 00007ff9bd10ae58   ........X.......
0x0000008dcfffe8c0:   00007ff900000000 007ec4b400000001   ..............~.

Instructions: (pc=0x00007ff9bcfb3004)
  0x00007ff9bcfb2f04:   cc cc cc cc cc cc cc cc cc cc cc cc cc cc cc cc
  0x00007ff9bcfb2f14:   cc cc cc cc cc cc cc cc cc cc cc cc cc cc cc cc
  0x00007ff9bcfb2f24:   cc cc cc cc cc cc cc cc cc cc cc cc cc cc cc cc
  0x00007ff9bcfb2f34:   cc cc cc cc cc cc cc cc cc cc cc cc cc cc cc cc
  0x00007ff9bcfb2f44:   cc cc cc cc cc cc cc cc cc cc cc cc cc cc cc cc
  0x00007ff9bcfb2f54:   cc cc cc cc cc cc cc cc cc cc cc cc cc cc cc cc
  0x00007ff9bcfb2f64:   cc cc cc cc cc cc cc cc cc cc cc cc cc cc cc cc
  0x00007ff9bcfb2f74:   cc cc cc cc cc cc cc cc cc cc cc cc cc cc cc cc
  0x00007ff9bcfb2f84:   cc cc cc cc cc cc cc cc cc cc cc cc 40 57 48 83
  0x00007ff9bcfb2f94:   ec 20 48 8b f9 48 8b 0d 30 80 15 00 48 85 c9 74
  0x00007ff9bcfb2fa4:   20 48 8b 01 48 8d 54 24 38 41 b8 06 00 01 00 4c
  0x00007ff9bcfb2fb4:   8b 48 30 41 ff d1 85 c0 75 07 48 8b 4c 24 38 eb
  0x00007ff9bcfb2fc4:   02 33 c9 4c 8b 05 0a 81 15 00 48 89 5c 24 30 4d
  0x00007ff9bcfb2fd4:   85 c0 74 4a 48 8b 01 48 8b d7 4c 8b 88 28 03 00
  0x00007ff9bcfb2fe4:   00 41 ff d1 48 85 c0 74 35 48 63 0d b8 3d 15 00
  0x00007ff9bcfb2ff4:   48 8b 14 01 48 85 d2 74 15 48 63 05 bc 3d 15 00
=>0x00007ff9bcfb3004:   8b 04 10 48 8b 5c 24 30 48 83 c4 20 5f c3 b8 ff
  0x00007ff9bcfb3014:   ff ff ff 48 8b 5c 24 30 48 83 c4 20 5f c3 80 3d
  0x00007ff9bcfb3024:   bb 7f 15 00 00 bb ff ff ff ff 74 20 4c 8b 0d 51
  0x00007ff9bcfb3034:   7c 15 00 4c 8d 44 24 38 48 8b 0d 35 7c 15 00 48
  0x00007ff9bcfb3044:   8b d7 41 ff d1 85 c0 0f 44 5c 24 38 8b c3 48 8b
  0x00007ff9bcfb3054:   5c 24 30 48 83 c4 20 5f c3 cc cc cc cc cc cc cc
  0x00007ff9bcfb3064:   cc cc cc cc cc cc cc cc cc cc cc cc cc cc cc cc
  0x00007ff9bcfb3074:   cc cc cc cc cc cc cc cc cc cc cc cc cc cc cc cc
  0x00007ff9bcfb3084:   cc cc cc cc cc cc cc cc cc cc cc cc 48 89 54 24
  0x00007ff9bcfb3094:   10 53 55 56 57 41 56 41 57 48 83 ec 28 48 8b f2
  0x00007ff9bcfb30a4:   4c 8b f1 48 89 4c 24 78 45 33 ff 44 89 7c 24 68
  0x00007ff9bcfb30b4:   c7 44 24 60 01 00 00 00 48 8d 4c 24 68 e8 69 3c
  0x00007ff9bcfb30c4:   f7 ff 8b d8 48 8d 4c 24 60 e8 5d 3c f7 ff 8b e8
  0x00007ff9bcfb30d4:   49 8b ce e8 33 f3 f6 ff 48 8b f8 90 8b c3 f0 0f
  0x00007ff9bcfb30e4:   b1 2f 74 04 f3 90 eb f4 4c 89 3e 4c 89 7e 08 4c
  0x00007ff9bcfb30f4:   89 7e 10 49 8b 6e 08 4d 8b 76 10 49 3b ee 0f 84


Stack slot to memory mapping:

stack at sp + 0 slots: 0x0000008dcfffe840 is pointing into the stack for thread: 0x00000218de9bcfa0
stack at sp + 1 slots: 0x0000021888474aa8 points into unknown readable memory: 0x0000000624401ee8 | e8 1e 40 24 06 00 00 00
stack at sp + 2 slots: 0x0 is null
stack at sp + 3 slots: 0x00000218de9bd6f0 points into unknown readable memory: 0x6e616c2e6176616a | 6a 61 76 61 2e 6c 61 6e
stack at sp + 4 slots: 0x0000000000000020 is an unknown value
stack at sp + 5 slots: 0x00007ff9bcfb34db libasyncProfiler.dll
stack at sp + 6 slots: 0x0 is null
stack at sp + 7 slots: 0x00000218de9bd368 points into unknown readable memory: 0x00007ff96ee817b0 | b0 17 e8 6e f9 7f 00 00

Lock stack of current Java thread (top to bottom):


---------------  P R O C E S S  ---------------

Threads class SMR info:
_java_thread_list=0x00000218883b7490, length=21, elements={
0x00000218de9bcfa0, 0x0000021888173ce0, 0x0000021888174620, 0x0000021888175830,
0x00000218881781b0, 0x00000218881788f0, 0x0000021888179550, 0x000002188817f9a0,
0x00000218881838f0, 0x0000021888151f80, 0x0000021888243330, 0x000002188826ee20,
0x000002188836e0b0, 0x000002188845ee40, 0x0000021888bed320, 0x0000021888a5e1b0,
0x00000218ce1c0660, 0x00000218ce17e420, 0x00000218ce17f3c0, 0x00000218ce1f1a80,
0x00000218cef5d0e0
}

Java Threads: ( => current thread )
=>0x00000218de9bcfa0 JavaThread "main"                              [_thread_in_native, id=32944, stack(0x0000008dcff00000,0x0000008dd0000000) (1024K)]
  0x0000021888173ce0 JavaThread "Reference Handler"          daemon [_thread_blocked, id=4920, stack(0x0000008dd0700000,0x0000008dd0800000) (1024K)]
  0x0000021888174620 JavaThread "Finalizer"                  daemon [_thread_blocked, id=45952, stack(0x0000008dd0800000,0x0000008dd0900000) (1024K)]
  0x0000021888175830 JavaThread "Signal Dispatcher"          daemon [_thread_blocked, id=16768, stack(0x0000008dd0900000,0x0000008dd0a00000) (1024K)]
  0x00000218881781b0 JavaThread "Attach Listener"            daemon [_thread_blocked, id=16924, stack(0x0000008dd0a00000,0x0000008dd0b00000) (1024K)]
  0x00000218881788f0 JavaThread "Service Thread"             daemon [_thread_blocked, id=47308, stack(0x0000008dd0b00000,0x0000008dd0c00000) (1024K)]
  0x0000021888179550 JavaThread "Monitor Deflation Thread"   daemon [_thread_blocked, id=20652, stack(0x0000008dd0c00000,0x0000008dd0d00000) (1024K)]
  0x000002188817f9a0 JavaThread "C2 CompilerThread0"         daemon [_thread_blocked, id=37548, stack(0x0000008dd0d00000,0x0000008dd0e00000) (1024K)]
  0x00000218881838f0 JavaThread "C1 CompilerThread0"         daemon [_thread_blocked, id=11452, stack(0x0000008dd0e00000,0x0000008dd0f00000) (1024K)]
  0x0000021888151f80 JavaThread "C1 CompilerThread1"         daemon [_thread_blocked, id=21532, stack(0x0000008dd0f00000,0x0000008dd1000000) (1024K)]
  0x0000021888243330 JavaThread "C1 CompilerThread2"         daemon [_thread_blocked, id=28400, stack(0x0000008dd1000000,0x0000008dd1100000) (1024K)]
  0x000002188826ee20 JavaThread "Common-Cleaner"             daemon [_thread_blocked, id=27536, stack(0x0000008dd1100000,0x0000008dd1200000) (1024K)]
  0x000002188836e0b0 JavaThread "C2 CompilerThread1"         daemon [_thread_blocked, id=18040, stack(0x0000008dd1200000,0x0000008dd1300000) (1024K)]
  0x000002188845ee40 JavaThread "Monitor Ctrl-Break"         daemon [_thread_in_native, id=19368, stack(0x0000008dd1300000,0x0000008dd1400000) (1024K)]
  0x0000021888bed320 JavaThread "C1 CompilerThread3"         daemon [_thread_blocked, id=47460, stack(0x0000008dd1400000,0x0000008dd1500000) (1024K)]
  0x0000021888a5e1b0 JavaThread "C2 CompilerThread2"         daemon [_thread_blocked, id=10580, stack(0x0000008dd1500000,0x0000008dd1600000) (1024K)]
  0x00000218ce1c0660 JavaThread "JFR Recorder Thread"        daemon [_thread_in_native, id=44748, stack(0x0000008dd1600000,0x0000008dd1700000) (1024K)]
  0x00000218ce17e420 JavaThread "C2 CompilerThread3"         daemon [_thread_blocked, id=45128, stack(0x0000008dd1700000,0x0000008dd1800000) (1024K)]
  0x00000218ce17f3c0 JavaThread "C2 CompilerThread4"         daemon [_thread_blocked, id=41016, stack(0x0000008dd1800000,0x0000008dd1900000) (1024K)]
  0x00000218ce1f1a80 JavaThread "C1 CompilerThread4"         daemon [_thread_blocked, id=10952, stack(0x0000008dd1900000,0x0000008dd1a00000) (1024K)]
  0x00000218cef5d0e0 JavaThread "JFR Periodic Tasks"         daemon [_thread_blocked, id=47968, stack(0x0000008dd1a00000,0x0000008dd1b00000) (1024K)]
Total: 21

Other Threads:
  0x0000021888162b50 VMThread "VM Thread"                           [id=10944, stack(0x0000008dd0600000,0x0000008dd0700000) (1024K)]
  0x0000021888026750 WatcherThread "VM Periodic Task Thread"        [id=38784, stack(0x0000008dd0500000,0x0000008dd0600000) (1024K)]
  0x00000218e0a475f0 WorkerThread "GC Thread#0"                     [id=21852, stack(0x0000008dd0000000,0x0000008dd0100000) (1024K)]
  0x00000218e0a9af20 ConcurrentGCThread "G1 Main Marker"            [id=38760, stack(0x0000008dd0100000,0x0000008dd0200000) (1024K)]
  0x00000218e0a9c8e0 WorkerThread "G1 Conc#0"                       [id=29872, stack(0x0000008dd0200000,0x0000008dd0300000) (1024K)]
  0x0000021888002170 ConcurrentGCThread "G1 Refine#0"               [id=32304, stack(0x0000008dd0300000,0x0000008dd0400000) (1024K)]
  0x0000021888002b90 ConcurrentGCThread "G1 Service"                [id=17092, stack(0x0000008dd0400000,0x0000008dd0500000) (1024K)]
Total: 7

Threads with active compile tasks:
Total: 0

VM state: not at safepoint (normal execution)

VM Mutex/Monitor currently owned by a thread: None

Heap address: 0x0000000604c00000, size: 8116 MB, Compressed Oops mode: Zero based, Oop shift amount: 3

CDS archive(s) mapped at: [0x0000021889000000-0x0000021889d40000-0x0000021889d40000), size 13893632, SharedBaseAddress: 0x0000021889000000, ArchiveRelocationMode: 1.
Compressed class space mapped at: 0x000002188a000000-0x00000218ca000000, reserved size: 1073741824
UseCompressedClassPointers 1, UseCompactObjectHeaders 0
Narrow klass pointer bits 32, Max shift 3
Narrow klass base: 0x0000021889000000, Narrow klass shift: 0
Encoding Range: [0x0000021889000000 - 0x0000021989000000), (4294967296 bytes)
Klass Range:    [0x0000021889000000 - 0x00000218ca000000), (1090519040 bytes)
Klass ID Range:  [8 - 1090519033) (1090519025)

GC Precious Log:
 CardTable entry size: 512
 Card Set container configuration: InlinePtr #cards 4 size 8 Array Of Cards #cards 32 size 80 Howl #buckets 8 coarsen threshold 7372 Howl Bitmap #cards 1024 size 144 coarsen threshold 921 Card regions per heap region 1 cards per card region 8192
 CPUs: 32 total, 32 available
 Memory: 32452M
 Large Page Support: Disabled
 NUMA Support: Disabled
 Compressed Oops: Enabled (Zero based)
 Heap Region Size: 4M
 Heap Min Capacity: 8M
 Heap Initial Capacity: 508M
 Heap Max Capacity: 8116M
 Pre-touch: Disabled
 Parallel Workers: 23
 Concurrent Workers: 6
 Concurrent Refinement Workers: 23
 Periodic GC: Disabled

Heap:
 garbage-first heap   total reserved 8310784K, committed 524288K, used 21616K [0x0000000604c00000, 0x0000000800000000)
  region size 4096K, 6 young (24576K), 0 survivors (0K)
 Metaspace       used 3539K, committed 3712K, reserved 1114112K
  class space    used 307K, committed 384K, reserved 1048576K

Heap Regions: E=young(eden), S=young(survivor), O=old, HS=humongous(starts), HC=humongous(continues), CS=collection set, F=free, TAMS=top-at-mark-start, PB=parsable bottom
|   0|0x0000000604c00000, 0x0000000604c00000, 0x0000000605000000|  0%| F|  |TAMS 0x0000000604c00000| PB 0x0000000604c00000| Untracked |  0
|   1|0x0000000605000000, 0x0000000605000000, 0x0000000605400000|  0%| F|  |TAMS 0x0000000605000000| PB 0x0000000605000000| Untracked |  0
|   2|0x0000000605400000, 0x0000000605400000, 0x0000000605800000|  0%| F|  |TAMS 0x0000000605400000| PB 0x0000000605400000| Untracked |  0
|   3|0x0000000605800000, 0x0000000605800000, 0x0000000605c00000|  0%| F|  |TAMS 0x0000000605800000| PB 0x0000000605800000| Untracked |  0
|   4|0x0000000605c00000, 0x0000000605c00000, 0x0000000606000000|  0%| F|  |TAMS 0x0000000605c00000| PB 0x0000000605c00000| Untracked |  0
|   5|0x0000000606000000, 0x0000000606000000, 0x0000000606400000|  0%| F|  |TAMS 0x0000000606000000| PB 0x0000000606000000| Untracked |  0
|   6|0x0000000606400000, 0x0000000606400000, 0x0000000606800000|  0%| F|  |TAMS 0x0000000606400000| PB 0x0000000606400000| Untracked |  0
|   7|0x0000000606800000, 0x0000000606800000, 0x0000000606c00000|  0%| F|  |TAMS 0x0000000606800000| PB 0x0000000606800000| Untracked |  0
|   8|0x0000000606c00000, 0x0000000606c00000, 0x0000000607000000|  0%| F|  |TAMS 0x0000000606c00000| PB 0x0000000606c00000| Untracked |  0
|   9|0x0000000607000000, 0x0000000607000000, 0x0000000607400000|  0%| F|  |TAMS 0x0000000607000000| PB 0x0000000607000000| Untracked |  0
|  10|0x0000000607400000, 0x0000000607400000, 0x0000000607800000|  0%| F|  |TAMS 0x0000000607400000| PB 0x0000000607400000| Untracked |  0
|  11|0x0000000607800000, 0x0000000607800000, 0x0000000607c00000|  0%| F|  |TAMS 0x0000000607800000| PB 0x0000000607800000| Untracked |  0
|  12|0x0000000607c00000, 0x0000000607c00000, 0x0000000608000000|  0%| F|  |TAMS 0x0000000607c00000| PB 0x0000000607c00000| Untracked |  0
|  13|0x0000000608000000, 0x0000000608000000, 0x0000000608400000|  0%| F|  |TAMS 0x0000000608000000| PB 0x0000000608000000| Untracked |  0
|  14|0x0000000608400000, 0x0000000608400000, 0x0000000608800000|  0%| F|  |TAMS 0x0000000608400000| PB 0x0000000608400000| Untracked |  0
|  15|0x0000000608800000, 0x0000000608800000, 0x0000000608c00000|  0%| F|  |TAMS 0x0000000608800000| PB 0x0000000608800000| Untracked |  0
|  16|0x0000000608c00000, 0x0000000608c00000, 0x0000000609000000|  0%| F|  |TAMS 0x0000000608c00000| PB 0x0000000608c00000| Untracked |  0
|  17|0x0000000609000000, 0x0000000609000000, 0x0000000609400000|  0%| F|  |TAMS 0x0000000609000000| PB 0x0000000609000000| Untracked |  0
|  18|0x0000000609400000, 0x0000000609400000, 0x0000000609800000|  0%| F|  |TAMS 0x0000000609400000| PB 0x0000000609400000| Untracked |  0
|  19|0x0000000609800000, 0x0000000609800000, 0x0000000609c00000|  0%| F|  |TAMS 0x0000000609800000| PB 0x0000000609800000| Untracked |  0
|  20|0x0000000609c00000, 0x0000000609c00000, 0x000000060a000000|  0%| F|  |TAMS 0x0000000609c00000| PB 0x0000000609c00000| Untracked |  0
|  21|0x000000060a000000, 0x000000060a000000, 0x000000060a400000|  0%| F|  |TAMS 0x000000060a000000| PB 0x000000060a000000| Untracked |  0
|  22|0x000000060a400000, 0x000000060a400000, 0x000000060a800000|  0%| F|  |TAMS 0x000000060a400000| PB 0x000000060a400000| Untracked |  0
|  23|0x000000060a800000, 0x000000060a800000, 0x000000060ac00000|  0%| F|  |TAMS 0x000000060a800000| PB 0x000000060a800000| Untracked |  0
|  24|0x000000060ac00000, 0x000000060ac00000, 0x000000060b000000|  0%| F|  |TAMS 0x000000060ac00000| PB 0x000000060ac00000| Untracked |  0
|  25|0x000000060b000000, 0x000000060b000000, 0x000000060b400000|  0%| F|  |TAMS 0x000000060b000000| PB 0x000000060b000000| Untracked |  0
|  26|0x000000060b400000, 0x000000060b400000, 0x000000060b800000|  0%| F|  |TAMS 0x000000060b400000| PB 0x000000060b400000| Untracked |  0
|  27|0x000000060b800000, 0x000000060b800000, 0x000000060bc00000|  0%| F|  |TAMS 0x000000060b800000| PB 0x000000060b800000| Untracked |  0
|  28|0x000000060bc00000, 0x000000060bc00000, 0x000000060c000000|  0%| F|  |TAMS 0x000000060bc00000| PB 0x000000060bc00000| Untracked |  0
|  29|0x000000060c000000, 0x000000060c000000, 0x000000060c400000|  0%| F|  |TAMS 0x000000060c000000| PB 0x000000060c000000| Untracked |  0
|  30|0x000000060c400000, 0x000000060c400000, 0x000000060c800000|  0%| F|  |TAMS 0x000000060c400000| PB 0x000000060c400000| Untracked |  0
|  31|0x000000060c800000, 0x000000060c800000, 0x000000060cc00000|  0%| F|  |TAMS 0x000000060c800000| PB 0x000000060c800000| Untracked |  0
|  32|0x000000060cc00000, 0x000000060cc00000, 0x000000060d000000|  0%| F|  |TAMS 0x000000060cc00000| PB 0x000000060cc00000| Untracked |  0
|  33|0x000000060d000000, 0x000000060d000000, 0x000000060d400000|  0%| F|  |TAMS 0x000000060d000000| PB 0x000000060d000000| Untracked |  0
|  34|0x000000060d400000, 0x000000060d400000, 0x000000060d800000|  0%| F|  |TAMS 0x000000060d400000| PB 0x000000060d400000| Untracked |  0
|  35|0x000000060d800000, 0x000000060d800000, 0x000000060dc00000|  0%| F|  |TAMS 0x000000060d800000| PB 0x000000060d800000| Untracked |  0
|  36|0x000000060dc00000, 0x000000060dc00000, 0x000000060e000000|  0%| F|  |TAMS 0x000000060dc00000| PB 0x000000060dc00000| Untracked |  0
|  37|0x000000060e000000, 0x000000060e000000, 0x000000060e400000|  0%| F|  |TAMS 0x000000060e000000| PB 0x000000060e000000| Untracked |  0
|  38|0x000000060e400000, 0x000000060e400000, 0x000000060e800000|  0%| F|  |TAMS 0x000000060e400000| PB 0x000000060e400000| Untracked |  0
|  39|0x000000060e800000, 0x000000060e800000, 0x000000060ec00000|  0%| F|  |TAMS 0x000000060e800000| PB 0x000000060e800000| Untracked |  0
|  40|0x000000060ec00000, 0x000000060ec00000, 0x000000060f000000|  0%| F|  |TAMS 0x000000060ec00000| PB 0x000000060ec00000| Untracked |  0
|  41|0x000000060f000000, 0x000000060f000000, 0x000000060f400000|  0%| F|  |TAMS 0x000000060f000000| PB 0x000000060f000000| Untracked |  0
|  42|0x000000060f400000, 0x000000060f400000, 0x000000060f800000|  0%| F|  |TAMS 0x000000060f400000| PB 0x000000060f400000| Untracked |  0
|  43|0x000000060f800000, 0x000000060f800000, 0x000000060fc00000|  0%| F|  |TAMS 0x000000060f800000| PB 0x000000060f800000| Untracked |  0
|  44|0x000000060fc00000, 0x000000060fc00000, 0x0000000610000000|  0%| F|  |TAMS 0x000000060fc00000| PB 0x000000060fc00000| Untracked |  0
|  45|0x0000000610000000, 0x0000000610000000, 0x0000000610400000|  0%| F|  |TAMS 0x0000000610000000| PB 0x0000000610000000| Untracked |  0
|  46|0x0000000610400000, 0x0000000610400000, 0x0000000610800000|  0%| F|  |TAMS 0x0000000610400000| PB 0x0000000610400000| Untracked |  0
|  47|0x0000000610800000, 0x0000000610800000, 0x0000000610c00000|  0%| F|  |TAMS 0x0000000610800000| PB 0x0000000610800000| Untracked |  0
|  48|0x0000000610c00000, 0x0000000610c00000, 0x0000000611000000|  0%| F|  |TAMS 0x0000000610c00000| PB 0x0000000610c00000| Untracked |  0
|  49|0x0000000611000000, 0x0000000611000000, 0x0000000611400000|  0%| F|  |TAMS 0x0000000611000000| PB 0x0000000611000000| Untracked |  0
|  50|0x0000000611400000, 0x0000000611400000, 0x0000000611800000|  0%| F|  |TAMS 0x0000000611400000| PB 0x0000000611400000| Untracked |  0
|  51|0x0000000611800000, 0x0000000611800000, 0x0000000611c00000|  0%| F|  |TAMS 0x0000000611800000| PB 0x0000000611800000| Untracked |  0
|  52|0x0000000611c00000, 0x0000000611c00000, 0x0000000612000000|  0%| F|  |TAMS 0x0000000611c00000| PB 0x0000000611c00000| Untracked |  0
|  53|0x0000000612000000, 0x0000000612000000, 0x0000000612400000|  0%| F|  |TAMS 0x0000000612000000| PB 0x0000000612000000| Untracked |  0
|  54|0x0000000612400000, 0x0000000612400000, 0x0000000612800000|  0%| F|  |TAMS 0x0000000612400000| PB 0x0000000612400000| Untracked |  0
|  55|0x0000000612800000, 0x0000000612800000, 0x0000000612c00000|  0%| F|  |TAMS 0x0000000612800000| PB 0x0000000612800000| Untracked |  0
|  56|0x0000000612c00000, 0x0000000612c00000, 0x0000000613000000|  0%| F|  |TAMS 0x0000000612c00000| PB 0x0000000612c00000| Untracked |  0
|  57|0x0000000613000000, 0x0000000613000000, 0x0000000613400000|  0%| F|  |TAMS 0x0000000613000000| PB 0x0000000613000000| Untracked |  0
|  58|0x0000000613400000, 0x0000000613400000, 0x0000000613800000|  0%| F|  |TAMS 0x0000000613400000| PB 0x0000000613400000| Untracked |  0
|  59|0x0000000613800000, 0x0000000613800000, 0x0000000613c00000|  0%| F|  |TAMS 0x0000000613800000| PB 0x0000000613800000| Untracked |  0
|  60|0x0000000613c00000, 0x0000000613c00000, 0x0000000614000000|  0%| F|  |TAMS 0x0000000613c00000| PB 0x0000000613c00000| Untracked |  0
|  61|0x0000000614000000, 0x0000000614000000, 0x0000000614400000|  0%| F|  |TAMS 0x0000000614000000| PB 0x0000000614000000| Untracked |  0
|  62|0x0000000614400000, 0x0000000614400000, 0x0000000614800000|  0%| F|  |TAMS 0x0000000614400000| PB 0x0000000614400000| Untracked |  0
|  63|0x0000000614800000, 0x0000000614800000, 0x0000000614c00000|  0%| F|  |TAMS 0x0000000614800000| PB 0x0000000614800000| Untracked |  0
|  64|0x0000000614c00000, 0x0000000614c00000, 0x0000000615000000|  0%| F|  |TAMS 0x0000000614c00000| PB 0x0000000614c00000| Untracked |  0
|  65|0x0000000615000000, 0x0000000615000000, 0x0000000615400000|  0%| F|  |TAMS 0x0000000615000000| PB 0x0000000615000000| Untracked |  0
|  66|0x0000000615400000, 0x0000000615400000, 0x0000000615800000|  0%| F|  |TAMS 0x0000000615400000| PB 0x0000000615400000| Untracked |  0
|  67|0x0000000615800000, 0x0000000615800000, 0x0000000615c00000|  0%| F|  |TAMS 0x0000000615800000| PB 0x0000000615800000| Untracked |  0
|  68|0x0000000615c00000, 0x0000000615c00000, 0x0000000616000000|  0%| F|  |TAMS 0x0000000615c00000| PB 0x0000000615c00000| Untracked |  0
|  69|0x0000000616000000, 0x0000000616000000, 0x0000000616400000|  0%| F|  |TAMS 0x0000000616000000| PB 0x0000000616000000| Untracked |  0
|  70|0x0000000616400000, 0x0000000616400000, 0x0000000616800000|  0%| F|  |TAMS 0x0000000616400000| PB 0x0000000616400000| Untracked |  0
|  71|0x0000000616800000, 0x0000000616800000, 0x0000000616c00000|  0%| F|  |TAMS 0x0000000616800000| PB 0x0000000616800000| Untracked |  0
|  72|0x0000000616c00000, 0x0000000616c00000, 0x0000000617000000|  0%| F|  |TAMS 0x0000000616c00000| PB 0x0000000616c00000| Untracked |  0
|  73|0x0000000617000000, 0x0000000617000000, 0x0000000617400000|  0%| F|  |TAMS 0x0000000617000000| PB 0x0000000617000000| Untracked |  0
|  74|0x0000000617400000, 0x0000000617400000, 0x0000000617800000|  0%| F|  |TAMS 0x0000000617400000| PB 0x0000000617400000| Untracked |  0
|  75|0x0000000617800000, 0x0000000617800000, 0x0000000617c00000|  0%| F|  |TAMS 0x0000000617800000| PB 0x0000000617800000| Untracked |  0
|  76|0x0000000617c00000, 0x0000000617c00000, 0x0000000618000000|  0%| F|  |TAMS 0x0000000617c00000| PB 0x0000000617c00000| Untracked |  0
|  77|0x0000000618000000, 0x0000000618000000, 0x0000000618400000|  0%| F|  |TAMS 0x0000000618000000| PB 0x0000000618000000| Untracked |  0
|  78|0x0000000618400000, 0x0000000618400000, 0x0000000618800000|  0%| F|  |TAMS 0x0000000618400000| PB 0x0000000618400000| Untracked |  0
|  79|0x0000000618800000, 0x0000000618800000, 0x0000000618c00000|  0%| F|  |TAMS 0x0000000618800000| PB 0x0000000618800000| Untracked |  0
|  80|0x0000000618c00000, 0x0000000618c00000, 0x0000000619000000|  0%| F|  |TAMS 0x0000000618c00000| PB 0x0000000618c00000| Untracked |  0
|  81|0x0000000619000000, 0x0000000619000000, 0x0000000619400000|  0%| F|  |TAMS 0x0000000619000000| PB 0x0000000619000000| Untracked |  0
|  82|0x0000000619400000, 0x0000000619400000, 0x0000000619800000|  0%| F|  |TAMS 0x0000000619400000| PB 0x0000000619400000| Untracked |  0
|  83|0x0000000619800000, 0x0000000619800000, 0x0000000619c00000|  0%| F|  |TAMS 0x0000000619800000| PB 0x0000000619800000| Untracked |  0
|  84|0x0000000619c00000, 0x0000000619c00000, 0x000000061a000000|  0%| F|  |TAMS 0x0000000619c00000| PB 0x0000000619c00000| Untracked |  0
|  85|0x000000061a000000, 0x000000061a000000, 0x000000061a400000|  0%| F|  |TAMS 0x000000061a000000| PB 0x000000061a000000| Untracked |  0
|  86|0x000000061a400000, 0x000000061a400000, 0x000000061a800000|  0%| F|  |TAMS 0x000000061a400000| PB 0x000000061a400000| Untracked |  0
|  87|0x000000061a800000, 0x000000061a800000, 0x000000061ac00000|  0%| F|  |TAMS 0x000000061a800000| PB 0x000000061a800000| Untracked |  0
|  88|0x000000061ac00000, 0x000000061ac00000, 0x000000061b000000|  0%| F|  |TAMS 0x000000061ac00000| PB 0x000000061ac00000| Untracked |  0
|  89|0x000000061b000000, 0x000000061b000000, 0x000000061b400000|  0%| F|  |TAMS 0x000000061b000000| PB 0x000000061b000000| Untracked |  0
|  90|0x000000061b400000, 0x000000061b400000, 0x000000061b800000|  0%| F|  |TAMS 0x000000061b400000| PB 0x000000061b400000| Untracked |  0
|  91|0x000000061b800000, 0x000000061b800000, 0x000000061bc00000|  0%| F|  |TAMS 0x000000061b800000| PB 0x000000061b800000| Untracked |  0
|  92|0x000000061bc00000, 0x000000061bc00000, 0x000000061c000000|  0%| F|  |TAMS 0x000000061bc00000| PB 0x000000061bc00000| Untracked |  0
|  93|0x000000061c000000, 0x000000061c000000, 0x000000061c400000|  0%| F|  |TAMS 0x000000061c000000| PB 0x000000061c000000| Untracked |  0
|  94|0x000000061c400000, 0x000000061c400000, 0x000000061c800000|  0%| F|  |TAMS 0x000000061c400000| PB 0x000000061c400000| Untracked |  0
|  95|0x000000061c800000, 0x000000061c800000, 0x000000061cc00000|  0%| F|  |TAMS 0x000000061c800000| PB 0x000000061c800000| Untracked |  0
|  96|0x000000061cc00000, 0x000000061cc00000, 0x000000061d000000|  0%| F|  |TAMS 0x000000061cc00000| PB 0x000000061cc00000| Untracked |  0
|  97|0x000000061d000000, 0x000000061d000000, 0x000000061d400000|  0%| F|  |TAMS 0x000000061d000000| PB 0x000000061d000000| Untracked |  0
|  98|0x000000061d400000, 0x000000061d400000, 0x000000061d800000|  0%| F|  |TAMS 0x000000061d400000| PB 0x000000061d400000| Untracked |  0
|  99|0x000000061d800000, 0x000000061d800000, 0x000000061dc00000|  0%| F|  |TAMS 0x000000061d800000| PB 0x000000061d800000| Untracked |  0
| 100|0x000000061dc00000, 0x000000061dc00000, 0x000000061e000000|  0%| F|  |TAMS 0x000000061dc00000| PB 0x000000061dc00000| Untracked |  0
| 101|0x000000061e000000, 0x000000061e000000, 0x000000061e400000|  0%| F|  |TAMS 0x000000061e000000| PB 0x000000061e000000| Untracked |  0
| 102|0x000000061e400000, 0x000000061e400000, 0x000000061e800000|  0%| F|  |TAMS 0x000000061e400000| PB 0x000000061e400000| Untracked |  0
| 103|0x000000061e800000, 0x000000061e800000, 0x000000061ec00000|  0%| F|  |TAMS 0x000000061e800000| PB 0x000000061e800000| Untracked |  0
| 104|0x000000061ec00000, 0x000000061ec00000, 0x000000061f000000|  0%| F|  |TAMS 0x000000061ec00000| PB 0x000000061ec00000| Untracked |  0
| 105|0x000000061f000000, 0x000000061f000000, 0x000000061f400000|  0%| F|  |TAMS 0x000000061f000000| PB 0x000000061f000000| Untracked |  0
| 106|0x000000061f400000, 0x000000061f400000, 0x000000061f800000|  0%| F|  |TAMS 0x000000061f400000| PB 0x000000061f400000| Untracked |  0
| 107|0x000000061f800000, 0x000000061f800000, 0x000000061fc00000|  0%| F|  |TAMS 0x000000061f800000| PB 0x000000061f800000| Untracked |  0
| 108|0x000000061fc00000, 0x000000061fc00000, 0x0000000620000000|  0%| F|  |TAMS 0x000000061fc00000| PB 0x000000061fc00000| Untracked |  0
| 109|0x0000000620000000, 0x0000000620000000, 0x0000000620400000|  0%| F|  |TAMS 0x0000000620000000| PB 0x0000000620000000| Untracked |  0
| 110|0x0000000620400000, 0x0000000620400000, 0x0000000620800000|  0%| F|  |TAMS 0x0000000620400000| PB 0x0000000620400000| Untracked |  0
| 111|0x0000000620800000, 0x0000000620800000, 0x0000000620c00000|  0%| F|  |TAMS 0x0000000620800000| PB 0x0000000620800000| Untracked |  0
| 112|0x0000000620c00000, 0x0000000620c00000, 0x0000000621000000|  0%| F|  |TAMS 0x0000000620c00000| PB 0x0000000620c00000| Untracked |  0
| 113|0x0000000621000000, 0x0000000621000000, 0x0000000621400000|  0%| F|  |TAMS 0x0000000621000000| PB 0x0000000621000000| Untracked |  0
| 114|0x0000000621400000, 0x0000000621400000, 0x0000000621800000|  0%| F|  |TAMS 0x0000000621400000| PB 0x0000000621400000| Untracked |  0
| 115|0x0000000621800000, 0x0000000621800000, 0x0000000621c00000|  0%| F|  |TAMS 0x0000000621800000| PB 0x0000000621800000| Untracked |  0
| 116|0x0000000621c00000, 0x0000000621c00000, 0x0000000622000000|  0%| F|  |TAMS 0x0000000621c00000| PB 0x0000000621c00000| Untracked |  0
| 117|0x0000000622000000, 0x0000000622000000, 0x0000000622400000|  0%| F|  |TAMS 0x0000000622000000| PB 0x0000000622000000| Untracked |  0
| 118|0x0000000622400000, 0x0000000622400000, 0x0000000622800000|  0%| F|  |TAMS 0x0000000622400000| PB 0x0000000622400000| Untracked |  0
| 119|0x0000000622800000, 0x0000000622800000, 0x0000000622c00000|  0%| F|  |TAMS 0x0000000622800000| PB 0x0000000622800000| Untracked |  0
| 120|0x0000000622c00000, 0x0000000622c00000, 0x0000000623000000|  0%| F|  |TAMS 0x0000000622c00000| PB 0x0000000622c00000| Untracked |  0
| 121|0x0000000623000000, 0x00000006231eb888, 0x0000000623400000| 48%| E|  |TAMS 0x0000000623000000| PB 0x0000000623000000| Complete |  0
| 122|0x0000000623400000, 0x0000000623800000, 0x0000000623800000|100%| E|CS|TAMS 0x0000000623400000| PB 0x0000000623400000| Complete |  0
| 123|0x0000000623800000, 0x0000000623c00000, 0x0000000623c00000|100%| E|CS|TAMS 0x0000000623800000| PB 0x0000000623800000| Complete |  0
| 124|0x0000000623c00000, 0x0000000624000000, 0x0000000624000000|100%| E|CS|TAMS 0x0000000623c00000| PB 0x0000000623c00000| Complete |  0
| 125|0x0000000624000000, 0x0000000624400000, 0x0000000624400000|100%| E|CS|TAMS 0x0000000624000000| PB 0x0000000624000000| Complete |  0
| 126|0x0000000624400000, 0x0000000624800000, 0x0000000624800000|100%| E|CS|TAMS 0x0000000624400000| PB 0x0000000624400000| Complete |  0
|2028|0x00000007ffc00000, 0x00000007ffd1c348, 0x0000000800000000| 27%| O|  |TAMS 0x00000007ffc00000| PB 0x00000007ffc00000| Untracked |  0

Card table byte_map: [0x00000218fb6f0000,0x00000218fc6d0000] _byte_map_base: 0x00000218f86ca000

Marking Bits: (CMBitMap*) 0x00000218e0a47d00
 Bits: [0x0000021880000000, 0x0000021887ed0000)

Polling page: 0x00000218e0440000

Metaspace:

Usage:
  Non-class:      3.16 MB used.
      Class:    307.45 KB used.
       Both:      3.46 MB used.

Virtual space:
  Non-class space:       64.00 MB reserved,       3.25 MB (  5%) committed,  1 nodes.
      Class space:        1.00 GB reserved,     384.00 KB ( <1%) committed,  1 nodes.
             Both:        1.06 GB reserved,       3.62 MB ( <1%) committed. 

Chunk freelists:
   Non-Class:  11.92 MB
       Class:  15.59 MB
        Both:  27.51 MB

MaxMetaspaceSize: unlimited
CompressedClassSpaceSize: 1.00 GB
Initial GC threshold: 21.00 MB
Current GC threshold: 21.00 MB
CDS: on
 - commit_granule_bytes: 65536.
 - commit_granule_words: 8192.
 - virtual_space_node_default_size: 8388608.
 - enlarge_chunks_in_place: 1.
UseCompressedClassPointers 1, UseCompactObjectHeaders 0
Narrow klass pointer bits 32, Max shift 3
Narrow klass base: 0x0000021889000000, Narrow klass shift: 0
Encoding Range: [0x0000021889000000 - 0x0000021989000000), (4294967296 bytes)
Klass Range:    [0x0000021889000000 - 0x00000218ca000000), (1090519040 bytes)
Klass ID Range:  [8 - 1090519033) (1090519025)


Internal statistics:

num_allocs_failed_limit: 0.
num_arena_births: 70.
num_arena_deaths: 0.
num_vsnodes_births: 2.
num_vsnodes_deaths: 0.
num_space_committed: 58.
num_space_uncommitted: 0.
num_chunks_returned_to_freelist: 0.
num_chunks_taken_from_freelist: 75.
num_chunk_merges: 0.
num_chunk_splits: 53.
num_chunks_enlarged: 34.
num_inconsistent_stats: 0.

CodeHeap 'non-profiled nmethods': size=118912Kb used=414Kb max_used=414Kb free=118497Kb
 bounds [0x00000218f1a70000, 0x00000218f1ce0000, 0x00000218f8e90000]
CodeHeap 'profiled nmethods': size=118848Kb used=1928Kb max_used=1928Kb free=116919Kb
 bounds [0x00000218e9e90000, 0x00000218ea100000, 0x00000218f12a0000]
CodeHeap 'non-nmethods': size=8000Kb used=3528Kb max_used=3568Kb free=4471Kb
 bounds [0x00000218f12a0000, 0x00000218f1630000, 0x00000218f1a70000]
CodeCache: size=245760Kb, used=5870Kb, max_used=5910Kb, free=239887Kb
 total_blobs=1782, nmethods=1335, adapters=349, full_count=0
Compilation: enabled, stopped_count=0, restarted_count=0

Compilation events (20 events):
Event: 0.346 Thread 0x00000218881838f0 1332       3       java.lang.StringLatin1::getChar (9 bytes)
Event: 0.346 Thread 0x0000021888bed320 nmethod 1327 0x00000218f1ad1308 code [0x00000218f1ad1400, 0x00000218f1ad14c8]
Event: 0.347 Thread 0x0000021888243330 nmethod 1329 0x00000218ea06f888 code [0x00000218ea06fb20, 0x00000218ea070fa0]
Event: 0.347 Thread 0x00000218881838f0 nmethod 1332 0x00000218ea071088 code [0x00000218ea0711a0, 0x00000218ea0712c0]
Event: 0.347 Thread 0x00000218ce1f1a80 nmethod 1331 0x00000218ea071388 code [0x00000218ea0714e0, 0x00000218ea071aa8]
Event: 0.347 Thread 0x00000218881838f0 1333       1       jdk.jfr.internal.periodic.EventTask::getEventType (5 bytes)
Event: 0.347 Thread 0x00000218ce1f1a80 1334       1       jdk.jfr.internal.periodic.PeriodicTask::getPeriod (5 bytes)
Event: 0.347 Thread 0x0000021888bed320 1335       3       java.util.Comparator::lambda$comparingLong$6043328a$1 (18 bytes)
Event: 0.347 Thread 0x00000218881838f0 nmethod 1333 0x00000218f1ad1608 code [0x00000218f1ad1700, 0x00000218f1ad17c8]
Event: 0.347 Thread 0x00000218ce1f1a80 nmethod 1334 0x00000218f1ad1908 code [0x00000218f1ad1a00, 0x00000218f1ad1ac8]
Event: 0.348 Thread 0x0000021888bed320 nmethod 1335 0x00000218ea071b08 code [0x00000218ea071c60, 0x00000218ea072058]
Event: 0.348 Thread 0x00000218ce17e420 nmethod 1300 0x00000218f1ad1c08 code [0x00000218f1ad1e20, 0x00000218f1ad3308]
Event: 0.348 Thread 0x00000218ce17e420 1268       4       java.util.Collections$UnmodifiableCollection$1::next (10 bytes)
Event: 0.348 Thread 0x00000218ce17f3c0 nmethod 1299 0x00000218f1ad3408 code [0x00000218f1ad3600, 0x00000218f1ad50c8]
Event: 0.348 Thread 0x00000218ce17f3c0 1336       4       jdk.internal.classfile.impl.RawBytecodeHelper::next (81 bytes)
Event: 0.349 Thread 0x00000218ce17e420 nmethod 1268 0x00000218f1ad5188 code [0x00000218f1ad52a0, 0x00000218f1ad5490]
Event: 0.350 Thread 0x00000218ce17f3c0 nmethod 1336 0x00000218f1ad5508 code [0x00000218f1ad5620, 0x00000218f1ad57b0]
Event: 0.351 Thread 0x000002188836e0b0 nmethod 1302 0x00000218f1ad5808 code [0x00000218f1ad5980, 0x00000218f1ad6158]
Event: 0.352 Thread 0x000002188817f9a0 nmethod 1284 0x00000218f1ad6208 code [0x00000218f1ad6420, 0x00000218f1ad7198]
Event: 0.353 Thread 0x0000021888a5e1b0 nmethod 1315 0x00000218f1ad7288 code [0x00000218f1ad73a0, 0x00000218f1ad7918]

GC Heap History (0 events):
No events

Dll operation events (9 events):
Event: 0.017 Loaded shared library C:\Users\DELL\.jdks\openjdk-24\bin\java.dll
Event: 0.038 Loaded shared library C:\Users\DELL\.jdks\openjdk-24\bin\jsvml.dll
Event: 0.064 Loaded shared library C:\Users\DELL\.jdks\openjdk-24\bin\zip.dll
Event: 0.065 Loaded shared library C:\Users\DELL\.jdks\openjdk-24\bin\instrument.dll
Event: 0.069 Loaded shared library C:\Users\DELL\.jdks\openjdk-24\bin\net.dll
Event: 0.071 Loaded shared library C:\Users\DELL\.jdks\openjdk-24\bin\nio.dll
Event: 0.074 Loaded shared library C:\Users\DELL\.jdks\openjdk-24\bin\zip.dll
Event: 0.094 Loaded shared library C:\Users\DELL\.jdks\openjdk-24\bin\extnet.dll
Event: 0.131 Loaded shared library C:\Users\DELL\.jdks\openjdk-24\bin\jimage.dll

Deoptimization events (20 events):
Event: 0.269 Thread 0x00000218de9bcfa0 Uncommon trap: trap_request=0xffffffde fr.pc=0x00000218f1ab9898 relative=0x0000000000000078
Event: 0.269 Thread 0x00000218de9bcfa0 Uncommon trap: reason=class_check action=maybe_recompile pc=0x00000218f1ab9898 method=jdk.jfr.FlightRecorderPermission$InternalAccess.getType(Ljava/lang/Object;)Ljdk/jfr/internal/Type; @ 18 c2
Event: 0.269 Thread 0x00000218de9bcfa0 DEOPT PACKING pc=0x00000218f1ab9898 sp=0x0000008dcfffdc30
Event: 0.269 Thread 0x00000218de9bcfa0 DEOPT UNPACKING pc=0x00000218f13b6382 sp=0x0000008dcfffdbc8 mode 2
Event: 0.320 Thread 0x00000218de9bcfa0 Uncommon trap: trap_request=0xffffffd6 fr.pc=0x00000218f1ac7a20 relative=0x00000000000006c0
Event: 0.320 Thread 0x00000218de9bcfa0 Uncommon trap: reason=array_check action=maybe_recompile pc=0x00000218f1ac7a20 method=jdk.internal.classfile.impl.SplitConstantPool.internalAdd(Ljava/lang/classfile/constantpool/PoolEntry;I)Ljava/lang/classfile/constantpool/PoolEntry; @ 46 c2
Event: 0.320 Thread 0x00000218de9bcfa0 DEOPT PACKING pc=0x00000218f1ac7a20 sp=0x0000008dcfffd080
Event: 0.320 Thread 0x00000218de9bcfa0 DEOPT UNPACKING pc=0x00000218f13b6382 sp=0x0000008dcfffd030 mode 2
Event: 0.320 Thread 0x00000218de9bcfa0 Uncommon trap: trap_request=0xffffffd6 fr.pc=0x00000218f1ac7a20 relative=0x00000000000006c0
Event: 0.320 Thread 0x00000218de9bcfa0 Uncommon trap: reason=array_check action=maybe_recompile pc=0x00000218f1ac7a20 method=jdk.internal.classfile.impl.SplitConstantPool.internalAdd(Ljava/lang/classfile/constantpool/PoolEntry;I)Ljava/lang/classfile/constantpool/PoolEntry; @ 46 c2
Event: 0.320 Thread 0x00000218de9bcfa0 DEOPT PACKING pc=0x00000218f1ac7a20 sp=0x0000008dcfffd080
Event: 0.320 Thread 0x00000218de9bcfa0 DEOPT UNPACKING pc=0x00000218f13b6382 sp=0x0000008dcfffd030 mode 2
Event: 0.320 Thread 0x00000218de9bcfa0 Uncommon trap: trap_request=0xffffffd6 fr.pc=0x00000218f1ac7a20 relative=0x00000000000006c0
Event: 0.320 Thread 0x00000218de9bcfa0 Uncommon trap: reason=array_check action=maybe_recompile pc=0x00000218f1ac7a20 method=jdk.internal.classfile.impl.SplitConstantPool.internalAdd(Ljava/lang/classfile/constantpool/PoolEntry;I)Ljava/lang/classfile/constantpool/PoolEntry; @ 46 c2
Event: 0.320 Thread 0x00000218de9bcfa0 DEOPT PACKING pc=0x00000218f1ac7a20 sp=0x0000008dcfffcef0
Event: 0.320 Thread 0x00000218de9bcfa0 DEOPT UNPACKING pc=0x00000218f13b6382 sp=0x0000008dcfffcea0 mode 2
Event: 0.320 Thread 0x00000218de9bcfa0 Uncommon trap: trap_request=0xffffffd6 fr.pc=0x00000218f1ac7a20 relative=0x00000000000006c0
Event: 0.320 Thread 0x00000218de9bcfa0 Uncommon trap: reason=array_check action=maybe_recompile pc=0x00000218f1ac7a20 method=jdk.internal.classfile.impl.SplitConstantPool.internalAdd(Ljava/lang/classfile/constantpool/PoolEntry;I)Ljava/lang/classfile/constantpool/PoolEntry; @ 46 c2
Event: 0.320 Thread 0x00000218de9bcfa0 DEOPT PACKING pc=0x00000218f1ac7a20 sp=0x0000008dcfffced0
Event: 0.320 Thread 0x00000218de9bcfa0 DEOPT UNPACKING pc=0x00000218f13b6382 sp=0x0000008dcfffce80 mode 2

Classes loaded (20 events):
Event: 0.324 Loading class jdk/jfr/internal/MetadataWriter
Event: 0.324 Loading class jdk/jfr/internal/MetadataWriter done
Event: 0.324 Loading class jdk/jfr/internal/MetadataDescriptor$Element
Event: 0.324 Loading class jdk/jfr/internal/MetadataDescriptor$Element done
Event: 0.325 Loading class jdk/jfr/internal/MetadataDescriptor$Attribute
Event: 0.325 Loading class jdk/jfr/internal/MetadataDescriptor$Attribute done
Event: 0.330 Loading class jdk/jfr/internal/consumer/StringParser$Encoding
Event: 0.331 Loading class jdk/jfr/internal/consumer/StringParser$Encoding done
Event: 0.339 Loading class jdk/jfr/internal/consumer/RepositoryFiles
Event: 0.340 Loading class jdk/jfr/internal/consumer/RepositoryFiles done
Event: 0.341 Loading class jdk/jfr/internal/SettingsManager$InternalSetting
Event: 0.342 Loading class jdk/jfr/internal/SettingsManager$InternalSetting done
Event: 0.343 Loading class jdk/jfr/internal/util/Rate
Event: 0.343 Loading class jdk/jfr/internal/util/Rate done
Event: 0.343 Loading class jdk/jfr/internal/util/TimespanUnit
Event: 0.343 Loading class jdk/jfr/internal/util/TimespanUnit done
Event: 0.344 Loading class jdk/jfr/internal/util/ValueParser
Event: 0.344 Loading class jdk/jfr/internal/util/ValueParser done
Event: 0.345 Loading class jdk/jfr/internal/periodic/PeriodicType
Event: 0.345 Loading class jdk/jfr/internal/periodic/PeriodicType done

Classes unloaded (0 events):
No events

Classes redefined (0 events):
No events

Internal exceptions (19 events):
Event: 0.075 Thread 0x00000218de9bcfa0 Exception <a 'java/lang/NoSuchMethodError'{0x000000062472b348}: 'void java.lang.invoke.DirectMethodHandle$Holder.invokeStatic(java.lang.Object, java.lang.Object, java.lang.Object)'> (0x000000062472b348) 
thrown [s\open\src\hotspot\share\interpreter\linkResolver.cpp, line 805]
Event: 0.081 Thread 0x00000218de9bcfa0 Exception <a 'java/lang/NoSuchMethodError'{0x000000062475ff08}: 'java.lang.Object java.lang.invoke.Invokers$Holder.invokeExact_MT(java.lang.Object, java.lang.Object, java.lang.Object, java.lang.Object, java.lang.Object)'> (0x000000062475ff08) 
thrown [s\open\src\hotspot\share\interpreter\linkResolver.cpp, line 805]
Event: 0.088 Thread 0x00000218de9bcfa0 Exception <a 'java/lang/NoSuchMethodError'{0x0000000624771438}: 'java.lang.Object java.lang.invoke.DirectMethodHandle$Holder.invokeStaticInit(java.lang.Object, java.lang.Object, java.lang.Object)'> (0x0000000624771438) 
thrown [s\open\src\hotspot\share\interpreter\linkResolver.cpp, line 805]
Event: 0.091 Thread 0x000002188845ee40 Exception <a 'java/lang/NoSuchMethodError'{0x00000006240051f0}: 'java.lang.Object java.lang.invoke.DirectMethodHandle$Holder.invokeStaticInit(java.lang.Object)'> (0x00000006240051f0) 
thrown [s\open\src\hotspot\share\interpreter\linkResolver.cpp, line 805]
Event: 0.095 Thread 0x000002188845ee40 Exception <a 'java/lang/NoSuchMethodError'{0x000000062400fe00}: 'void java.lang.invoke.DirectMethodHandle$Holder.invokeStatic(java.lang.Object, java.lang.Object)'> (0x000000062400fe00) 
thrown [s\open\src\hotspot\share\interpreter\linkResolver.cpp, line 805]
Event: 0.134 Thread 0x00000218de9bcfa0 Exception <a 'java/lang/NoSuchMethodError'{0x000000062433dd68}: 'java.lang.Object java.lang.invoke.DirectMethodHandle$Holder.invokeStatic(java.lang.Object, int, java.lang.Object)'> (0x000000062433dd68) 
thrown [s\open\src\hotspot\share\interpreter\linkResolver.cpp, line 805]
Event: 0.146 Thread 0x00000218de9bcfa0 Exception <a 'java/lang/NoSuchMethodError'{0x00000006243955d8}: 'void java.lang.invoke.DirectMethodHandle$Holder.invokeStaticInit(java.lang.Object)'> (0x00000006243955d8) 
thrown [s\open\src\hotspot\share\interpreter\linkResolver.cpp, line 805]
Event: 0.160 Thread 0x00000218de9bcfa0 Exception <a 'java/lang/NoSuchMethodError'{0x0000000623c0e108}: 'void java.lang.invoke.DirectMethodHandle$Holder.invokeSpecial(java.lang.Object, java.lang.Object, java.lang.Object)'> (0x0000000623c0e108) 
thrown [s\open\src\hotspot\share\interpreter\linkResolver.cpp, line 805]
Event: 0.173 Thread 0x00000218de9bcfa0 Exception <a 'java/lang/NoSuchMethodError'{0x0000000623c758a8}: 'java.lang.Object java.lang.invoke.DirectMethodHandle$Holder.newInvokeSpecial(java.lang.Object, java.lang.Object, java.lang.Object, java.lang.Object, java.lang.Object)'> (0x0000000623c758a8) 
thrown [s\open\src\hotspot\share\interpreter\linkResolver.cpp, line 805]
Event: 0.206 Thread 0x00000218de9bcfa0 Exception <a 'java/lang/NoSuchMethodError'{0x0000000623f02d08}: 'long java.lang.invoke.DirectMethodHandle$Holder.invokeVirtual(java.lang.Object, java.lang.Object)'> (0x0000000623f02d08) 
thrown [s\open\src\hotspot\share\interpreter\linkResolver.cpp, line 805]
Event: 0.256 Thread 0x00000218de9bcfa0 Exception <a 'java/lang/NoSuchMethodError'{0x0000000623957ba8}: 'int java.lang.invoke.DirectMethodHandle$Holder.invokeSpecial(java.lang.Object, java.lang.Object, java.lang.Object)'> (0x0000000623957ba8) 
thrown [s\open\src\hotspot\share\interpreter\linkResolver.cpp, line 805]
Event: 0.306 Thread 0x00000218de9bcfa0 Exception <a 'java/lang/NoSuchMethodError'{0x000000062341fa90}: 'void java.lang.invoke.DirectMethodHandle$Holder.invokeSpecial(java.lang.Object, java.lang.Object, int)'> (0x000000062341fa90) 
thrown [s\open\src\hotspot\share\interpreter\linkResolver.cpp, line 805]
Event: 0.306 Thread 0x00000218de9bcfa0 Exception <a 'java/lang/NoSuchMethodError'{0x00000006234276b0}: 'void java.lang.invoke.Invokers$Holder.invokeExact_MT(java.lang.Object, int, java.lang.Object)'> (0x00000006234276b0) 
thrown [s\open\src\hotspot\share\interpreter\linkResolver.cpp, line 805]
Event: 0.310 Thread 0x00000218de9bcfa0 Exception <a 'java/lang/NoSuchMethodError'{0x0000000623441fe0}: 'void java.lang.invoke.DirectMethodHandle$Holder.invokeStatic(java.lang.Object, java.lang.Object, int)'> (0x0000000623441fe0) 
thrown [s\open\src\hotspot\share\interpreter\linkResolver.cpp, line 805]
Event: 0.310 Thread 0x00000218de9bcfa0 Exception <a 'java/lang/NoSuchMethodError'{0x00000006234510d0}: 'java.lang.Object java.lang.invoke.DirectMethodHandle$Holder.newInvokeSpecial(java.lang.Object, java.lang.Object, int)'> (0x00000006234510d0) 
thrown [s\open\src\hotspot\share\interpreter\linkResolver.cpp, line 805]
Event: 0.313 Thread 0x00000218cef5d0e0 Exception <a 'java/lang/NoSuchMethodError'{0x00000006235ecbe0}: 'long java.lang.invoke.DirectMethodHandle$Holder.invokeSpecial(java.lang.Object, java.lang.Object)'> (0x00000006235ecbe0) 
thrown [s\open\src\hotspot\share\interpreter\linkResolver.cpp, line 805]
Event: 0.316 Thread 0x00000218de9bcfa0 Exception <a 'sun/nio/fs/WindowsException'{0x00000006234860a0}> (0x00000006234860a0) 
thrown [s\open\src\hotspot\share\prims\jni.cpp, line 518]
Event: 0.318 Thread 0x00000218de9bcfa0 Exception <a 'sun/nio/fs/WindowsException'{0x0000000623492f98}> (0x0000000623492f98) 
thrown [s\open\src\hotspot\share\prims\jni.cpp, line 518]
Event: 0.322 Thread 0x00000218de9bcfa0 Exception <a 'sun/nio/fs/WindowsException'{0x00000006234a4da8}> (0x00000006234a4da8) 
thrown [s\open\src\hotspot\share\prims\jni.cpp, line 518]

VM Operations (8 events):
Event: 0.055 Executing VM operation: HandshakeAllThreads (Deoptimize)
Event: 0.055 Executing VM operation: HandshakeAllThreads (Deoptimize) done
Event: 0.314 Executing VM operation: HandshakeAllThreads (Deoptimize)
Event: 0.314 Executing VM operation: HandshakeAllThreads (Deoptimize) done
Event: 0.315 Executing VM operation: HandshakeAllThreads (Deoptimize)
Event: 0.315 Executing VM operation: HandshakeAllThreads (Deoptimize) done
Event: 0.340 Executing VM operation: JFRSafepointClear
Event: 0.340 Executing VM operation: JFRSafepointClear done

Memory protections (0 events):
No events

Nmethod flushes (0 events):
No events

Events (20 events):
Event: 0.035 Thread 0x00000218de9bcfa0 Thread added: 0x0000021888173ce0
Event: 0.036 Thread 0x00000218de9bcfa0 Thread added: 0x0000021888174620
Event: 0.036 Thread 0x00000218de9bcfa0 Thread added: 0x0000021888175830
Event: 0.036 Thread 0x00000218de9bcfa0 Thread added: 0x00000218881781b0
Event: 0.036 Thread 0x00000218de9bcfa0 Thread added: 0x00000218881788f0
Event: 0.036 Thread 0x00000218de9bcfa0 Thread added: 0x0000021888179550
Event: 0.036 Thread 0x00000218de9bcfa0 Thread added: 0x000002188817f9a0
Event: 0.036 Thread 0x00000218de9bcfa0 Thread added: 0x00000218881838f0
Event: 0.041 Thread 0x00000218881838f0 Thread added: 0x0000021888151f80
Event: 0.041 Thread 0x00000218881838f0 Thread added: 0x0000021888243330
Event: 0.050 Thread 0x00000218de9bcfa0 Thread added: 0x000002188826ee20
Event: 0.060 Thread 0x0000021888243330 Thread added: 0x000002188836e0b0
Event: 0.083 Thread 0x00000218de9bcfa0 Thread added: 0x000002188845ee40
Event: 0.113 Thread 0x00000218881838f0 Thread added: 0x0000021888bed320
Event: 0.129 Thread 0x0000021888243330 Thread added: 0x0000021888a5e1b0
Event: 0.145 Thread 0x00000218de9bcfa0 Thread added: 0x00000218ce1c0660
Event: 0.218 Thread 0x00000218881838f0 Thread added: 0x00000218ce17e420
Event: 0.218 Thread 0x00000218881838f0 Thread added: 0x00000218ce17f3c0
Event: 0.302 Thread 0x0000021888243330 Thread added: 0x00000218ce1f1a80
Event: 0.311 Thread 0x00000218de9bcfa0 Thread added: 0x00000218cef5d0e0


Dynamic libraries:
0x00007ff66abc0000 - 0x00007ff66abce000 	C:\Users\DELL\.jdks\openjdk-24\bin\java.exe
0x00007ffa640a0000 - 0x00007ffa64306000 	C:\WINDOWS\SYSTEM32\ntdll.dll
0x00007ffa62730000 - 0x00007ffa627f9000 	C:\WINDOWS\System32\KERNEL32.DLL
0x00007ffa61230000 - 0x00007ffa615fc000 	C:\WINDOWS\System32\KERNELBASE.dll
0x00007ffa618c0000 - 0x00007ffa61a0b000 	C:\WINDOWS\System32\ucrtbase.dll
0x00007ffa59de0000 - 0x00007ffa59df6000 	C:\Users\DELL\.jdks\openjdk-24\bin\jli.dll
0x00007ffa50ed0000 - 0x00007ffa50eeb000 	C:\Users\DELL\.jdks\openjdk-24\bin\VCRUNTIME140.dll
0x00007ffa62bc0000 - 0x00007ffa62d8a000 	C:\WINDOWS\System32\USER32.dll
0x00007ffa61e30000 - 0x00007ffa61e57000 	C:\WINDOWS\System32\win32u.dll
0x00007ffa42f30000 - 0x00007ffa431ca000 	C:\WINDOWS\WinSxS\amd64_microsoft.windows.common-controls_6595b64144ccf1df_6.0.26100.3912_none_3e07963ce335137e\COMCTL32.dll
0x00007ffa623c0000 - 0x00007ffa623eb000 	C:\WINDOWS\System32\GDI32.dll
0x00007ffa636d0000 - 0x00007ffa63779000 	C:\WINDOWS\System32\msvcrt.dll
0x00007ffa61780000 - 0x00007ffa618b2000 	C:\WINDOWS\System32\gdi32full.dll
0x00007ffa61b70000 - 0x00007ffa61c13000 	C:\WINDOWS\System32\msvcp_win.dll
0x00007ffa62b80000 - 0x00007ffa62bb0000 	C:\WINDOWS\System32\IMM32.DLL
0x00007ffa5b460000 - 0x00007ffa5b46c000 	C:\Users\DELL\.jdks\openjdk-24\bin\vcruntime140_1.dll
0x00007ffa3b9b0000 - 0x00007ffa3ba3e000 	C:\Users\DELL\.jdks\openjdk-24\bin\msvcp140.dll
0x00007ff96e250000 - 0x00007ff96eff2000 	C:\Users\DELL\.jdks\openjdk-24\bin\server\jvm.dll
0x00007ffa623f0000 - 0x00007ffa624a2000 	C:\WINDOWS\System32\ADVAPI32.dll
0x00007ffa61fe0000 - 0x00007ffa62086000 	C:\WINDOWS\System32\sechost.dll
0x00007ffa62800000 - 0x00007ffa62916000 	C:\WINDOWS\System32\RPCRT4.dll
0x00007ffa622d0000 - 0x00007ffa62344000 	C:\WINDOWS\System32\WS2_32.dll
0x00007ffa5dc40000 - 0x00007ffa5dc76000 	C:\WINDOWS\SYSTEM32\WINMM.dll
0x00007ffa585f0000 - 0x00007ffa585fb000 	C:\WINDOWS\SYSTEM32\VERSION.dll
0x00007ffa5fe60000 - 0x00007ffa5febe000 	C:\WINDOWS\SYSTEM32\POWRPROF.dll
0x00007ffa5fe40000 - 0x00007ffa5fe54000 	C:\WINDOWS\SYSTEM32\UMPDC.dll
0x00007ffa60110000 - 0x00007ffa6012a000 	C:\WINDOWS\SYSTEM32\kernel.appcore.dll
0x00007ffa501b0000 - 0x00007ffa501ba000 	C:\Users\DELL\.jdks\openjdk-24\bin\jimage.dll
0x00007ffa5e500000 - 0x00007ffa5e741000 	C:\WINDOWS\SYSTEM32\DBGHELP.DLL
0x00007ffa63340000 - 0x00007ffa636c4000 	C:\WINDOWS\System32\combase.dll
0x00007ffa61e60000 - 0x00007ffa61f40000 	C:\WINDOWS\System32\OLEAUT32.dll
0x00007ffa3a890000 - 0x00007ffa3a8c9000 	C:\WINDOWS\SYSTEM32\dbgcore.DLL
0x00007ffa61ad0000 - 0x00007ffa61b69000 	C:\WINDOWS\System32\bcryptPrimitives.dll
0x00007ffa4b030000 - 0x00007ffa4b03f000 	C:\Users\DELL\.jdks\openjdk-24\bin\instrument.dll
0x00007ffa4b040000 - 0x00007ffa4b05e000 	C:\Users\DELL\.jdks\openjdk-24\bin\java.dll
0x00007ffa629d0000 - 0x00007ffa62b6f000 	C:\WINDOWS\System32\ole32.dll
0x00007ffa63790000 - 0x00007ffa63ebd000 	C:\WINDOWS\System32\SHELL32.dll
0x00007ffa61cb0000 - 0x00007ffa61e24000 	C:\WINDOWS\System32\wintypes.dll
0x00007ff9bcf20000 - 0x00007ff9bd12e000 	C:\Users\DELL\AppData\Local\Temp\idea_libasyncProfiler_dll_temp_folder\libasyncProfiler.dll
0x00007ffa5eec0000 - 0x00007ffa5f716000 	C:\WINDOWS\SYSTEM32\windows.storage.dll
0x00007ffa62d90000 - 0x00007ffa62e7f000 	C:\WINDOWS\System32\SHCORE.dll
0x00007ffa62350000 - 0x00007ffa623b9000 	C:\WINDOWS\System32\shlwapi.dll
0x00007ffa61140000 - 0x00007ffa6116f000 	C:\WINDOWS\SYSTEM32\profapi.dll
0x00007ff9eda20000 - 0x00007ff9edaf7000 	C:\Users\DELL\.jdks\openjdk-24\bin\jsvml.dll
0x00007ffa43af0000 - 0x00007ffa43b07000 	C:\Users\DELL\.jdks\openjdk-24\bin\zip.dll
0x00007ffa4aec0000 - 0x00007ffa4aed0000 	C:\Users\DELL\.jdks\openjdk-24\bin\net.dll
0x00007ffa60680000 - 0x00007ffa606ea000 	C:\WINDOWS\system32\mswsock.dll
0x00007ffa44d70000 - 0x00007ffa44d86000 	C:\Users\DELL\.jdks\openjdk-24\bin\nio.dll
0x00007ffa49c40000 - 0x00007ffa49c49000 	C:\Users\DELL\.jdks\openjdk-24\bin\extnet.dll

dbghelp: loaded successfully - version: 4.0.5 - missing functions: none
symbol engine: initialized successfully - sym options: 0x614 - pdb path: .;C:\Users\DELL\.jdks\openjdk-24\bin;C:\WINDOWS\SYSTEM32;C:\WINDOWS\WinSxS\amd64_microsoft.windows.common-controls_6595b64144ccf1df_6.0.26100.3912_none_3e07963ce335137e;C:\Users\DELL\.jdks\openjdk-24\bin\server;C:\Users\DELL\AppData\Local\Temp\idea_libasyncProfiler_dll_temp_folder

VM Arguments:
jvm_args: -javaagent:C:\Program Files\JetBrains\IntelliJ IDEA 2024.3.5\lib\idea_rt.jar=60268 -agentpath:C:\Users\DELL\AppData\Local\Temp\idea_libasyncProfiler_dll_temp_folder\libasyncProfiler.dll=start,jfr,event=wall,interval=10ms,jfrsync=profile,cstack=no,file=C:\Users\DELL\IdeaSnapshots\Test_DR_1_2025_05_13_202816.jfr,dbghelppath=C:\Users\DELL\AppData\Local\Temp\idea_dbghelp_dll_temp_folder\dbghelp.dll,log=C:\Users\DELL\AppData\Local\Temp\Test_DR_1_2025_05_13_202816.jfr.log.txt,logLevel=DEBUG -Dfile.encoding=UTF-8 -Dsun.stdout.encoding=UTF-8 -Dsun.stderr.encoding=UTF-8 
java_command: test.Test_DR_1
java_class_path (initial): C:\Users\DELL\OneDrive\Escritorio\Practicas_EDA\EDA_PRAC_2_CalveiroTreitlLucaNicol嫳_ArreciadoYukhnenkoDavidManuel\out\production\EDA_PRAC_2_CalveiroTreitlLucaNicol嫳_ArreciadoYukhnenkoDavidManuel;C:\Users\DELL\OneDrive\Escritorio\Practicas_EDA\EDA_PRAC_2_CalveiroTreitlLucaNicol嫳_ArreciadoYukhnenkoDavidManuel\2025_PRAC2\lib\dogs.jar
Launcher Type: SUN_STANDARD

[Global flags]
     intx CICompilerCount                          = 15                                        {product} {ergonomic}
     uint ConcGCThreads                            = 6                                         {product} {ergonomic}
     bool FlightRecorder                           = true                                      {product} {management}
     uint G1ConcRefinementThreads                  = 23                                        {product} {ergonomic}
   size_t G1HeapRegionSize                         = 4194304                                   {product} {ergonomic}
   size_t InitialHeapSize                          = 532676608                                 {product} {ergonomic}
   size_t MarkStackSize                            = 4194304                                   {product} {ergonomic}
   size_t MarkStackSizeMax                         = 536870912                                 {product} {ergonomic}
   size_t MaxHeapSize                              = 8510242816                                {product} {ergonomic}
   size_t MaxNewSize                               = 5104467968                                {product} {ergonomic}
   size_t MinHeapDeltaBytes                        = 4194304                                   {product} {ergonomic}
   size_t MinHeapSize                              = 8388608                                   {product} {ergonomic}
    uintx NonNMethodCodeHeapSize                   = 8192000                                {pd product} {ergonomic}
    uintx NonProfiledCodeHeapSize                  = 121765888                              {pd product} {ergonomic}
    uintx ProfiledCodeHeapSize                     = 121700352                              {pd product} {ergonomic}
    uintx ReservedCodeCacheSize                    = 251658240                              {pd product} {ergonomic}
     bool SegmentedCodeCache                       = true                                      {product} {ergonomic}
   size_t SoftMaxHeapSize                          = 8510242816                             {manageable} {ergonomic}
     bool UseCompressedOops                        = true                           {product lp64_product} {ergonomic}
     bool UseG1GC                                  = true                                      {product} {ergonomic}
     bool UseLargePagesIndividualAllocation        = false                                  {pd product} {ergonomic}

Logging:
Log output configuration:
 #0: stdout all=warning uptime,level,tags foldmultilines=false
 #1: stderr all=off uptime,level,tags foldmultilines=false

Environment Variables:
PATH=C:\Program Files\Common Files\Oracle\Java\javapath;C:\Program Files (x86)\Common Files\Oracle\Java\java8path;C:\Program Files (x86)\Common Files\Oracle\Java\javapath;C:\Program Files\Microsoft MPI\Bin\;C:\Windows\system32;C:\Windows;C:\Windows\System32\Wbem;C:\Windows\System32\WindowsPowerShell\v1.0\;C:\Windows\System32\OpenSSH\;C:\Program Files\dotnet\;C:\Program Files (x86)\NVIDIA Corporation\PhysX\Common;C:\WINDOWS\system32;C:\WINDOWS;C:\WINDOWS\System32\Wbem;C:\WINDOWS\System32\WindowsPowerShell\v1.0\;C:\WINDOWS\System32\OpenSSH\;C:\Program Files\NVIDIA Corporation\NVIDIA app\NvDLISR;C:\Program Files\AutoFirma\AutoFirma;C:\Program Files\Git\cmd;C:\Users\DELL\AppData\Local\Programs\Python\Python312\Scripts\;C:\Users\DELL\AppData\Local\Programs\Python\Python312\;C:\Users\DELL\AppData\Local\Microsoft\WindowsApps;C:\Users\DELL\AppData\Local\GitHubDesktop\bin;C:\Users\DELL\AppData\Local\Programs\Microsoft VS Code\bin
USERNAME=DELL
OS=Windows_NT
PROCESSOR_IDENTIFIER=Intel64 Family 6 Model 183 Stepping 1, GenuineIntel
TMP=C:\Users\DELL\AppData\Local\Temp
TEMP=C:\Users\DELL\AppData\Local\Temp




Periodic native trim disabled

---------------  S Y S T E M  ---------------

OS:
 Windows 11 , 64 bit Build 26100 (10.0.26100.3912)
OS uptime: 13 days 10:35 hours
Hyper-V role detected

CPU: total 32 (initial active 32) (16 cores per cpu, 2 threads per core) family 6 model 183 stepping 1 microcode 0x12c, cx8, cmov, fxsr, ht, mmx, 3dnowpref, sse, sse2, sse3, ssse3, sse4.1, sse4.2, popcnt, lzcnt, tsc, tscinvbit, avx, avx2, aes, erms, clmul, bmi1, bmi2, adx, sha, fma, vzeroupper, clflush, clflushopt, clwb, hv, serialize, rdtscp, rdpid, fsrm, gfni, f16c, cet_ibt, cet_ss
Processor Information for the first 32 processors :
  Max Mhz: 2200, Current Mhz: 2200, Mhz Limit: 2200

Memory: 4k page, system-wide physical 32452M (11930M free)
TotalPageFile size 73412M (AvailPageFile size 44473M)
current process WorkingSet (physical memory assigned to process): 79M, peak: 80M
current process commit charge ("private bytes"): 679M, peak: 681M

vm_info: OpenJDK 64-Bit Server VM (24+36-3646) for windows-amd64 JRE (24+36-3646), built on 2025-02-06T00:20:43Z with MS VC++ 17.6 (VS2022)

END.
