#
# A fatal error has been detected by the Java Runtime Environment:
#
#  EXCEPTION_ACCESS_VIOLATION (0xc0000005) at pc=0x00007ff9d78d3004, pid=36192, tid=13500
#
# JRE version: OpenJDK Runtime Environment (24.0+36) (build 24+36-3646)
# Java VM: OpenJDK 64-Bit Server VM (24+36-3646, mixed mode, sharing, tiered, compressed oops, compressed class ptrs, g1 gc, windows-amd64)
# Problematic frame:
# C  [libasyncProfiler.dll+0x93004]
#
# No core dump will be written. Minidumps are not enabled by default on client versions of Windows
#
# JFR recording file will be written. Location: C:\Users\DELL\OneDrive\Escritorio\Practicas_EDA\EDA_PRAC_2_CalveiroTreitlLucaNicol嫳_ArreciadoYukhnenkoDavidManuel\hs_err_pid36192.jfr
#
# If you would like to submit a bug report, please visit:
#   https://bugreport.java.com/bugreport/crash.jsp
# The crash happened outside the Java Virtual Machine in native code.
# See problematic frame for where to report the bug.
#

---------------  S U M M A R Y ------------

Command Line: -javaagent:C:\Program Files\JetBrains\IntelliJ IDEA 2024.3.5\lib\idea_rt.jar=57858 -agentpath:C:\Users\DELL\AppData\Local\Temp\idea_libasyncProfiler_dll_temp_folder\libasyncProfiler.dll=start,jfr,event=wall,interval=10ms,jfrsync=profile,cstack=no,file=C:\Users\DELL\IdeaSnapshots\Test_DR_1_2025_05_13_180829.jfr,dbghelppath=C:\Users\DELL\AppData\Local\Temp\idea_dbghelp_dll_temp_folder\dbghelp.dll,log=C:\Users\DELL\AppData\Local\Temp\Test_DR_1_2025_05_13_180829.jfr.log.txt,logLevel=DEBUG -Dfile.encoding=UTF-8 -Dsun.stdout.encoding=UTF-8 -Dsun.stderr.encoding=UTF-8 test.Test_DR_1

Host: 13th Gen Intel(R) Core(TM) i9-13900HX, 32 cores, 31G,  Windows 11 , 64 bit Build 26100 (10.0.26100.3912)
Time: Tue May 13 18:08:29 2025 Hora de verano romance elapsed time: 0.405094 seconds (0d 0h 0m 0s)

---------------  T H R E A D  ---------------

Current thread (0x00000178370de330):  JavaThread "main"             [_thread_in_native, id=13500, stack(0x0000003bf4400000,0x0000003bf4500000) (1024K)]

Stack: [0x0000003bf4400000,0x0000003bf4500000],  sp=0x0000003bf44fe820,  free space=1018k
Native frames: (J=compiled Java code, j=interpreted, Vv=VM code, C=native code)
C  [libasyncProfiler.dll+0x93004]  (no source info available)
C  [libasyncProfiler.dll+0x934db]  (no source info available)
C  [libasyncProfiler.dll+0x92134]  (no source info available)
C  [libasyncProfiler.dll+0x929aa]  (no source info available)
C  [libasyncProfiler.dll+0x8d561]  (no source info available)
C  [libasyncProfiler.dll+0x7ef21]  (no source info available)
C  [libasyncProfiler.dll+0x7dc38]  (no source info available)
C  [libasyncProfiler.dll+0x7db20]  (no source info available)
C  [libasyncProfiler.dll+0x83c3c]  (no source info available)
V  [jvm.dll+0x5e3a5e]  (no source info available)
V  [jvm.dll+0x8861e6]  (no source info available)
V  [jvm.dll+0x49604e]  (no source info available)
V  [jvm.dll+0x497e21]  (no source info available)
C  [jli.dll+0x52a1]  (no source info available)
C  [ucrtbase.dll+0x37b0]  (no source info available)
C  [KERNEL32.DLL+0x2e8d7]  (no source info available)
C  [ntdll.dll+0x9c5dc]  (no source info available)


siginfo: EXCEPTION_ACCESS_VIOLATION (0xc0000005), reading address 0xffffffffffffffff


Registers:
RAX=0x0000000000000010, RBX=0x0000000000000000, RCX=0xffffffffffffffff, RDX=0x007ff984cb2ff010
RSP=0x0000003bf44fe820, RBP=0x000001785e683438, RSI=0x0000003bf44fe990, RDI=0x000001785e683438
R8 =0x0000000000000042, R9 =0x0000000624401ee8, R10=0x00007ff984f29fc0, R11=0x0000000000000002
R12=0x0000003bf44fe990, R13=0x0000017834bf2cf0, R14=0x00000178370de6f8, R15=0x00000178370de6f8
RIP=0x00007ff9d78d3004, EFLAGS=0x0000000000010202

XMM[0]=0x0000000000000000 0x0000000000000000
XMM[1]=0x0000000000000000 0x0000000000000000
XMM[2]=0x0000000000000000 0x0000000000000000
XMM[3]=0x0000000000000000 0x0000000000000000
XMM[4]=0x0000000000000000 0x0000000000000000
XMM[5]=0x0000000000000000 0x0000000000000000
XMM[6]=0x0000000000000000 0x0000000000000000
XMM[7]=0x0000000000000000 0x0000000000000000
XMM[8]=0x0000000000000000 0x0000000000000000
XMM[9]=0x0000000000000000 0x0000000000000000
XMM[10]=0x0000000000000000 0x0000000000000000
XMM[11]=0x0000000000000000 0x0000000000000000
XMM[12]=0x0000000000000000 0x0000000000000000
XMM[13]=0x0000000000000000 0x0000000000000000
XMM[14]=0x0000000000000000 0x0000000000000000
XMM[15]=0x0000000000000000 0x0000000000000000
  MXCSR=0x00001fa0


Register to memory mapping:

RAX=0x0000000000000010 is an unknown value
RBX=0x0 is null
RCX=0xffffffffffffffff is an unknown value
RDX=0x007ff984cb2ff010 is an unknown value
RSP=0x0000003bf44fe820 is pointing into the stack for thread: 0x00000178370de330
RBP=0x000001785e683438 points into unknown readable memory: 0x0000000624401ee8 | e8 1e 40 24 06 00 00 00
RSI=0x0000003bf44fe990 is pointing into the stack for thread: 0x00000178370de330
RDI=0x000001785e683438 points into unknown readable memory: 0x0000000624401ee8 | e8 1e 40 24 06 00 00 00
R8 =0x0000000000000042 is an unknown value
R9 =0x0000000624401ee8 is an oop: java.lang.Thread 
{0x0000000624401ee8} - klass: 'java/lang/Thread' - flags: 

 - ---- fields (total size 14 words):
 - 'threadLocalRandomProbe' 'I' @12  0 (0x00000000)
 - private volatile 'eetop' 'J' @16  1615831360304 (0x00000178370de330)
 - private final 'tid' 'J' @24  3 (0x0000000000000003)
 - 'threadLocalRandomSeed' 'J' @32  0 (0x0000000000000000)
 - injected 'jvmti_thread_state' 'J' @40  1615792667328 (0x0000017834bf7ac0)
 - 'threadLocalRandomSecondarySeed' 'I' @48  0 (0x00000000)
 - injected 'jvmti_VTMS_transition_disable_count' 'I' @52  0 (0x00000000)
 - injected 'jfr_epoch' 'S' @56  0 (0x0000)
 - volatile 'interrupted' 'Z' @58  false (0x00)
 - injected 'jvmti_is_in_VTMS_transition' 'Z' @59  false (0x00)
 - private volatile 'name' 'Ljava/lang/String;' @60  "main"{0x0000000624401f58} (0xc48803eb)
 - private volatile 'contextClassLoader' 'Ljava/lang/ClassLoader;' @64  a 'jdk/internal/loader/ClassLoaders$AppClassLoader'{0x0000000624417a08} (0xc4882f41)
 - private final 'holder' 'Ljava/lang/Thread$FieldHolder;' @68  a 'java/lang/Thread$FieldHolder'{0x0000000624401f98} (0xc48803f3)
 - 'threadLocals' 'Ljava/lang/ThreadLocal$ThreadLocalMap;' @72  a 'java/lang/ThreadLocal$ThreadLocalMap'{0x00000006240178b8} (0xc4802f17)
 - 'inheritableThreadLocals' 'Ljava/lang/ThreadLocal$ThreadLocalMap;' @76  null (0x00000000)
 - private 'scopedValueBindings' 'Ljava/lang/Object;' @80  a 'java/lang/Class'{0x00000007ffc7c280} = 'java/lang/Thread' (0xfff8f850)
 - final 'interruptLock' 'Ljava/lang/Object;' @84  a 'java/lang/Object'{0x0000000624401f88} (0xc48803f1)
 - private volatile 'parkBlocker' 'Ljava/lang/Object;' @88  null (0x00000000)
 - private 'nioBlocker' 'Lsun/nio/ch/Interruptible;' @92  null (0x00000000)
 - private 'cont' 'Ljdk/internal/vm/Continuation;' @96  null (0x00000000)
 - private volatile 'uncaughtExceptionHandler' 'Ljava/lang/Thread$UncaughtExceptionHandler;' @100  null (0x00000000)
 - private 'container' 'Ljdk/internal/vm/ThreadContainer;' @104  null (0x00000000)
 - private volatile 'headStackableScopes' 'Ljdk/internal/vm/StackableScope;' @108  null (0x00000000)
R10=0x00007ff984f29fc0 jvm.dll
R11=0x0000000000000002 is an unknown value
R12=0x0000003bf44fe990 is pointing into the stack for thread: 0x00000178370de330
R13=0x0000017834bf2cf0 points into unknown readable memory: 0x00007ff984e9a510 | 10 a5 e9 84 f9 7f 00 00
R14=0x00000178370de6f8 points into unknown readable memory: 0x00007ff984e917b0 | b0 17 e9 84 f9 7f 00 00
R15=0x00000178370de6f8 points into unknown readable memory: 0x00007ff984e917b0 | b0 17 e9 84 f9 7f 00 00

Top of Stack: (sp=0x0000003bf44fe820)
0x0000003bf44fe820:   0000003bf44fe990 000001785e683438   ..O.;...84h^x...
0x0000003bf44fe830:   0000000000000000 00000178370dea80   ...........7x...
0x0000003bf44fe840:   0000000000000021 00007ff9d78d34db   !........4......
0x0000003bf44fe850:   0000000000000000 00000178370de6f8   ...........7x...
0x0000003bf44fe860:   0000003bf44fe901 0000000000000000   ..O.;...........
0x0000003bf44fe870:   00000178a5358350 00007ff9d78d2134   P.5.x...4!......
0x0000003bf44fe880:   0000000000000000 0000000000000021   ........!.......
0x0000003bf44fe890:   0000000000000000 0000000000000021   ........!.......
0x0000003bf44fe8a0:   0000000900000003 00000178a57c2af0   .........*|.x...
0x0000003bf44fe8b0:   00000178a5358350 00000178a53583d4   P.5.x.....5.x...
0x0000003bf44fe8c0:   00000178a53583f8 0000017800005390   ..5.x....S..x...
0x0000003bf44fe8d0:   0000000000000000 0000000000000000   ................
0x0000003bf44fe8e0:   0000000000000000 00007ff9846f58e4   .........Xo.....
0x0000003bf44fe8f0:   00007ff9d7a2ae00 0000000000008d60   ........`.......
0x0000003bf44fe900:   00007ff9d7a2ae00 00000000ffffffff   ................
0x0000003bf44fe910:   0000000000000000 00007ff9d78d29aa   .........)......
0x0000003bf44fe920:   00000178370de6f8 0000000000000000   ...7x...........
0x0000003bf44fe930:   0000003bf44fe999 0000017834bf2cf0   ..O.;....,.4x...
0x0000003bf44fe940:   00000178000021b4 0000000000000000   .!..x...........
0x0000003bf44fe950:   0000000000000000 00007ffa612d7219   .........r-a....
0x0000003bf44fe960:   00000178370de6f8 00007ff9d7a2ae00   ...7x...........
0x0000003bf44fe970:   0000000000000000 00007ff9d796bc53   ........S.......
0x0000003bf44fe980:   0000000000000000 00000178370de6f8   ...........7x...
0x0000003bf44fe990:   00000178a5436770 00000178a5436b90   pgC.x....kC.x...
0x0000003bf44fe9a0:   00000178a5436b90 00007ff9d7a2ae00   .kC.x...........
0x0000003bf44fe9b0:   0000017837036598 0000003bf44feb28   .e.7x...(.O.;...
0x0000003bf44fe9c0:   0000003bf44fec60 0000000000008840   `.O.;...@.......
0x0000003bf44fe9d0:   00007ff9d7a1d080 00007ff9d7a2ae50   ........P.......
0x0000003bf44fe9e0:   0000000000989680 0000000000989680   ................
0x0000003bf44fe9f0:   0000003bf44feb00 00007ff9d78cd561   ..O.;...a.......
0x0000003bf44fea00:   00007ff9d7a2ae00 00007ff9d7a2ae58   ........X.......
0x0000003bf44fea10:   00007ff900000000 007ec4b400000001   ..............~.

Instructions: (pc=0x00007ff9d78d3004)
  0x00007ff9d78d2f04:   cc cc cc cc cc cc cc cc cc cc cc cc cc cc cc cc
  0x00007ff9d78d2f14:   cc cc cc cc cc cc cc cc cc cc cc cc cc cc cc cc
  0x00007ff9d78d2f24:   cc cc cc cc cc cc cc cc cc cc cc cc cc cc cc cc
  0x00007ff9d78d2f34:   cc cc cc cc cc cc cc cc cc cc cc cc cc cc cc cc
  0x00007ff9d78d2f44:   cc cc cc cc cc cc cc cc cc cc cc cc cc cc cc cc
  0x00007ff9d78d2f54:   cc cc cc cc cc cc cc cc cc cc cc cc cc cc cc cc
  0x00007ff9d78d2f64:   cc cc cc cc cc cc cc cc cc cc cc cc cc cc cc cc
  0x00007ff9d78d2f74:   cc cc cc cc cc cc cc cc cc cc cc cc cc cc cc cc
  0x00007ff9d78d2f84:   cc cc cc cc cc cc cc cc cc cc cc cc 40 57 48 83
  0x00007ff9d78d2f94:   ec 20 48 8b f9 48 8b 0d 30 80 15 00 48 85 c9 74
  0x00007ff9d78d2fa4:   20 48 8b 01 48 8d 54 24 38 41 b8 06 00 01 00 4c
  0x00007ff9d78d2fb4:   8b 48 30 41 ff d1 85 c0 75 07 48 8b 4c 24 38 eb
  0x00007ff9d78d2fc4:   02 33 c9 4c 8b 05 0a 81 15 00 48 89 5c 24 30 4d
  0x00007ff9d78d2fd4:   85 c0 74 4a 48 8b 01 48 8b d7 4c 8b 88 28 03 00
  0x00007ff9d78d2fe4:   00 41 ff d1 48 85 c0 74 35 48 63 0d b8 3d 15 00
  0x00007ff9d78d2ff4:   48 8b 14 01 48 85 d2 74 15 48 63 05 bc 3d 15 00
=>0x00007ff9d78d3004:   8b 04 10 48 8b 5c 24 30 48 83 c4 20 5f c3 b8 ff
  0x00007ff9d78d3014:   ff ff ff 48 8b 5c 24 30 48 83 c4 20 5f c3 80 3d
  0x00007ff9d78d3024:   bb 7f 15 00 00 bb ff ff ff ff 74 20 4c 8b 0d 51
  0x00007ff9d78d3034:   7c 15 00 4c 8d 44 24 38 48 8b 0d 35 7c 15 00 48
  0x00007ff9d78d3044:   8b d7 41 ff d1 85 c0 0f 44 5c 24 38 8b c3 48 8b
  0x00007ff9d78d3054:   5c 24 30 48 83 c4 20 5f c3 cc cc cc cc cc cc cc
  0x00007ff9d78d3064:   cc cc cc cc cc cc cc cc cc cc cc cc cc cc cc cc
  0x00007ff9d78d3074:   cc cc cc cc cc cc cc cc cc cc cc cc cc cc cc cc
  0x00007ff9d78d3084:   cc cc cc cc cc cc cc cc cc cc cc cc 48 89 54 24
  0x00007ff9d78d3094:   10 53 55 56 57 41 56 41 57 48 83 ec 28 48 8b f2
  0x00007ff9d78d30a4:   4c 8b f1 48 89 4c 24 78 45 33 ff 44 89 7c 24 68
  0x00007ff9d78d30b4:   c7 44 24 60 01 00 00 00 48 8d 4c 24 68 e8 69 3c
  0x00007ff9d78d30c4:   f7 ff 8b d8 48 8d 4c 24 60 e8 5d 3c f7 ff 8b e8
  0x00007ff9d78d30d4:   49 8b ce e8 33 f3 f6 ff 48 8b f8 90 8b c3 f0 0f
  0x00007ff9d78d30e4:   b1 2f 74 04 f3 90 eb f4 4c 89 3e 4c 89 7e 08 4c
  0x00007ff9d78d30f4:   89 7e 10 49 8b 6e 08 4d 8b 76 10 49 3b ee 0f 84


Stack slot to memory mapping:

stack at sp + 0 slots: 0x0000003bf44fe990 is pointing into the stack for thread: 0x00000178370de330
stack at sp + 1 slots: 0x000001785e683438 points into unknown readable memory: 0x0000000624401ee8 | e8 1e 40 24 06 00 00 00
stack at sp + 2 slots: 0x0 is null
stack at sp + 3 slots: 0x00000178370dea80 points into unknown readable memory: 0x6e616c2e6176616a | 6a 61 76 61 2e 6c 61 6e
stack at sp + 4 slots: 0x0000000000000021 is an unknown value
stack at sp + 5 slots: 0x00007ff9d78d34db libasyncProfiler.dll
stack at sp + 6 slots: 0x0 is null
stack at sp + 7 slots: 0x00000178370de6f8 points into unknown readable memory: 0x00007ff984e917b0 | b0 17 e9 84 f9 7f 00 00

Lock stack of current Java thread (top to bottom):


---------------  P R O C E S S  ---------------

Threads class SMR info:
_java_thread_list=0x000001785e543a20, length=26, elements={
0x00000178370de330, 0x000001785e35fc30, 0x000001785e360470, 0x000001785e3662e0,
0x000001785e367030, 0x000001785e36b1c0, 0x000001785e38f920, 0x000001785e3a0070,
0x000001785e3a0c10, 0x000001785e33aea0, 0x000001785e496f50, 0x000001785e4b33e0,
0x000001785e4b6ad0, 0x000001785e5221b0, 0x000001785e676220, 0x000001785ed272c0,
0x00000178a4087850, 0x00000178a49f9980, 0x00000178a400a000, 0x00000178a49fad30,
0x00000178a4039a90, 0x00000178a57cbd20, 0x00000178a56c4d20, 0x00000178a57bb450,
0x00000178a59a8f40, 0x00000178a59ade20
}

Java Threads: ( => current thread )
=>0x00000178370de330 JavaThread "main"                              [_thread_in_native, id=13500, stack(0x0000003bf4400000,0x0000003bf4500000) (1024K)]
  0x000001785e35fc30 JavaThread "Reference Handler"          daemon [_thread_blocked, id=33356, stack(0x0000003bf4c00000,0x0000003bf4d00000) (1024K)]
  0x000001785e360470 JavaThread "Finalizer"                  daemon [_thread_blocked, id=25292, stack(0x0000003bf4d00000,0x0000003bf4e00000) (1024K)]
  0x000001785e3662e0 JavaThread "Signal Dispatcher"          daemon [_thread_blocked, id=43784, stack(0x0000003bf4e00000,0x0000003bf4f00000) (1024K)]
  0x000001785e367030 JavaThread "Attach Listener"            daemon [_thread_blocked, id=34232, stack(0x0000003bf4f00000,0x0000003bf5000000) (1024K)]
  0x000001785e36b1c0 JavaThread "Service Thread"             daemon [_thread_blocked, id=44692, stack(0x0000003bf5000000,0x0000003bf5100000) (1024K)]
  0x000001785e38f920 JavaThread "Monitor Deflation Thread"   daemon [_thread_blocked, id=21008, stack(0x0000003bf5100000,0x0000003bf5200000) (1024K)]
  0x000001785e3a0070 JavaThread "C2 CompilerThread0"         daemon [_thread_blocked, id=11740, stack(0x0000003bf5200000,0x0000003bf5300000) (1024K)]
  0x000001785e3a0c10 JavaThread "C1 CompilerThread0"         daemon [_thread_blocked, id=28780, stack(0x0000003bf5300000,0x0000003bf5400000) (1024K)]
  0x000001785e33aea0 JavaThread "C1 CompilerThread1"         daemon [_thread_blocked, id=34084, stack(0x0000003bf5400000,0x0000003bf5500000) (1024K)]
  0x000001785e496f50 JavaThread "Common-Cleaner"             daemon [_thread_blocked, id=16512, stack(0x0000003bf5500000,0x0000003bf5600000) (1024K)]
  0x000001785e4b33e0 JavaThread "C1 CompilerThread2"         daemon [_thread_in_native, id=46852, stack(0x0000003bf5600000,0x0000003bf5700000) (1024K)]
  0x000001785e4b6ad0 JavaThread "C1 CompilerThread3"         daemon [_thread_in_vm, id=4112, stack(0x0000003bf5700000,0x0000003bf5800000) (1024K)]
  0x000001785e5221b0 JavaThread "C2 CompilerThread1"         daemon [_thread_blocked, id=32504, stack(0x0000003bf5800000,0x0000003bf5900000) (1024K)]
  0x000001785e676220 JavaThread "Monitor Ctrl-Break"         daemon [_thread_in_native, id=46072, stack(0x0000003bf5900000,0x0000003bf5a00000) (1024K)]
  0x000001785ed272c0 JavaThread "C2 CompilerThread2"         daemon [_thread_blocked, id=26632, stack(0x0000003bf5a00000,0x0000003bf5b00000) (1024K)]
  0x00000178a4087850 JavaThread "JFR Recorder Thread"        daemon [_thread_in_native, id=18304, stack(0x0000003bf5b00000,0x0000003bf5c00000) (1024K)]
  0x00000178a49f9980 JavaThread "C2 CompilerThread3"         daemon [_thread_in_native, id=19928, stack(0x0000003bf5c00000,0x0000003bf5d00000) (1024K)]
  0x00000178a400a000 JavaThread "C2 CompilerThread4"         daemon [_thread_blocked, id=47720, stack(0x0000003bf5d00000,0x0000003bf5e00000) (1024K)]
  0x00000178a49fad30 JavaThread "C2 CompilerThread5"         daemon [_thread_blocked, id=37472, stack(0x0000003bf5e00000,0x0000003bf5f00000) (1024K)]
  0x00000178a4039a90 JavaThread "C1 CompilerThread4"         daemon [_thread_blocked, id=42380, stack(0x0000003bf5f00000,0x0000003bf6000000) (1024K)]
  0x00000178a57cbd20 JavaThread "JFR Periodic Tasks"         daemon [_thread_blocked, id=21392, stack(0x0000003bf6000000,0x0000003bf6100000) (1024K)]
  0x00000178a56c4d20 JavaThread "RMI TCP Accept-0"           daemon [_thread_in_native, id=22732, stack(0x0000003bf6100000,0x0000003bf6200000) (1024K)]
  0x00000178a57bb450 JavaThread "RMI TCP Connection(1)-192.168.1.13" daemon [_thread_in_native, id=2252, stack(0x0000003bf6200000,0x0000003bf6300000) (1024K)]
  0x00000178a59a8f40 JavaThread "RMI Scheduler(0)"           daemon [_thread_blocked, id=21884, stack(0x0000003bf6300000,0x0000003bf6400000) (1024K)]
  0x00000178a59ade20 JavaThread "JMX server connection timeout 46" daemon [_thread_blocked, id=35668, stack(0x0000003bf6400000,0x0000003bf6500000) (1024K)]
Total: 26

Other Threads:
  0x000001785e212b00 VMThread "VM Thread"                           [id=43464, stack(0x0000003bf4b00000,0x0000003bf4c00000) (1024K)]
  0x000001785e339f40 WatcherThread "VM Periodic Task Thread"        [id=28724, stack(0x0000003bf4a00000,0x0000003bf4b00000) (1024K)]
  0x0000017836c78220 WorkerThread "GC Thread#0"                     [id=23748, stack(0x0000003bf4500000,0x0000003bf4600000) (1024K)]
  0x0000017836c8cf60 ConcurrentGCThread "G1 Main Marker"            [id=31464, stack(0x0000003bf4600000,0x0000003bf4700000) (1024K)]
  0x0000017836c90bc0 WorkerThread "G1 Conc#0"                       [id=2028, stack(0x0000003bf4700000,0x0000003bf4800000) (1024K)]
  0x000001785e1f80f0 ConcurrentGCThread "G1 Refine#0"               [id=45448, stack(0x0000003bf4800000,0x0000003bf4900000) (1024K)]
  0x000001785e1fc950 ConcurrentGCThread "G1 Service"                [id=40008, stack(0x0000003bf4900000,0x0000003bf4a00000) (1024K)]
Total: 7

Threads with active compile tasks:
C1 CompilerThread1  467 1821       3       java.lang.invoke.VarHandleGuards::guard_LI_J (78 bytes)
C2 CompilerThread3  467 1812       4       sun.security.provider.SHA::implCompress0 (478 bytes)
Total: 2

VM state: not at safepoint (normal execution)

VM Mutex/Monitor currently owned by a thread: None

Heap address: 0x0000000604c00000, size: 8116 MB, Compressed Oops mode: Zero based, Oop shift amount: 3

CDS archive(s) mapped at: [0x000001785f000000-0x000001785fd40000-0x000001785fd40000), size 13893632, SharedBaseAddress: 0x000001785f000000, ArchiveRelocationMode: 1.
Compressed class space mapped at: 0x0000017860000000-0x00000178a0000000, reserved size: 1073741824
UseCompressedClassPointers 1, UseCompactObjectHeaders 0
Narrow klass pointer bits 32, Max shift 3
Narrow klass base: 0x000001785f000000, Narrow klass shift: 0
Encoding Range: [0x000001785f000000 - 0x000001795f000000), (4294967296 bytes)
Klass Range:    [0x000001785f000000 - 0x00000178a0000000), (1090519040 bytes)
Klass ID Range:  [8 - 1090519033) (1090519025)

GC Precious Log:
 CardTable entry size: 512
 Card Set container configuration: InlinePtr #cards 4 size 8 Array Of Cards #cards 32 size 80 Howl #buckets 8 coarsen threshold 7372 Howl Bitmap #cards 1024 size 144 coarsen threshold 921 Card regions per heap region 1 cards per card region 8192
 CPUs: 32 total, 32 available
 Memory: 32452M
 Large Page Support: Disabled
 NUMA Support: Disabled
 Compressed Oops: Enabled (Zero based)
 Heap Region Size: 4M
 Heap Min Capacity: 8M
 Heap Initial Capacity: 508M
 Heap Max Capacity: 8116M
 Pre-touch: Disabled
 Parallel Workers: 23
 Concurrent Workers: 6
 Concurrent Refinement Workers: 23
 Periodic GC: Disabled

Heap:
 garbage-first heap   total reserved 8310784K, committed 524288K, used 29808K [0x0000000604c00000, 0x0000000800000000)
  region size 4096K, 8 young (32768K), 0 survivors (0K)
 Metaspace       used 7428K, committed 7680K, reserved 1114112K
  class space    used 689K, committed 832K, reserved 1048576K

Heap Regions: E=young(eden), S=young(survivor), O=old, HS=humongous(starts), HC=humongous(continues), CS=collection set, F=free, TAMS=top-at-mark-start, PB=parsable bottom
|   0|0x0000000604c00000, 0x0000000604c00000, 0x0000000605000000|  0%| F|  |TAMS 0x0000000604c00000| PB 0x0000000604c00000| Untracked |  0
|   1|0x0000000605000000, 0x0000000605000000, 0x0000000605400000|  0%| F|  |TAMS 0x0000000605000000| PB 0x0000000605000000| Untracked |  0
|   2|0x0000000605400000, 0x0000000605400000, 0x0000000605800000|  0%| F|  |TAMS 0x0000000605400000| PB 0x0000000605400000| Untracked |  0
|   3|0x0000000605800000, 0x0000000605800000, 0x0000000605c00000|  0%| F|  |TAMS 0x0000000605800000| PB 0x0000000605800000| Untracked |  0
|   4|0x0000000605c00000, 0x0000000605c00000, 0x0000000606000000|  0%| F|  |TAMS 0x0000000605c00000| PB 0x0000000605c00000| Untracked |  0
|   5|0x0000000606000000, 0x0000000606000000, 0x0000000606400000|  0%| F|  |TAMS 0x0000000606000000| PB 0x0000000606000000| Untracked |  0
|   6|0x0000000606400000, 0x0000000606400000, 0x0000000606800000|  0%| F|  |TAMS 0x0000000606400000| PB 0x0000000606400000| Untracked |  0
|   7|0x0000000606800000, 0x0000000606800000, 0x0000000606c00000|  0%| F|  |TAMS 0x0000000606800000| PB 0x0000000606800000| Untracked |  0
|   8|0x0000000606c00000, 0x0000000606c00000, 0x0000000607000000|  0%| F|  |TAMS 0x0000000606c00000| PB 0x0000000606c00000| Untracked |  0
|   9|0x0000000607000000, 0x0000000607000000, 0x0000000607400000|  0%| F|  |TAMS 0x0000000607000000| PB 0x0000000607000000| Untracked |  0
|  10|0x0000000607400000, 0x0000000607400000, 0x0000000607800000|  0%| F|  |TAMS 0x0000000607400000| PB 0x0000000607400000| Untracked |  0
|  11|0x0000000607800000, 0x0000000607800000, 0x0000000607c00000|  0%| F|  |TAMS 0x0000000607800000| PB 0x0000000607800000| Untracked |  0
|  12|0x0000000607c00000, 0x0000000607c00000, 0x0000000608000000|  0%| F|  |TAMS 0x0000000607c00000| PB 0x0000000607c00000| Untracked |  0
|  13|0x0000000608000000, 0x0000000608000000, 0x0000000608400000|  0%| F|  |TAMS 0x0000000608000000| PB 0x0000000608000000| Untracked |  0
|  14|0x0000000608400000, 0x0000000608400000, 0x0000000608800000|  0%| F|  |TAMS 0x0000000608400000| PB 0x0000000608400000| Untracked |  0
|  15|0x0000000608800000, 0x0000000608800000, 0x0000000608c00000|  0%| F|  |TAMS 0x0000000608800000| PB 0x0000000608800000| Untracked |  0
|  16|0x0000000608c00000, 0x0000000608c00000, 0x0000000609000000|  0%| F|  |TAMS 0x0000000608c00000| PB 0x0000000608c00000| Untracked |  0
|  17|0x0000000609000000, 0x0000000609000000, 0x0000000609400000|  0%| F|  |TAMS 0x0000000609000000| PB 0x0000000609000000| Untracked |  0
|  18|0x0000000609400000, 0x0000000609400000, 0x0000000609800000|  0%| F|  |TAMS 0x0000000609400000| PB 0x0000000609400000| Untracked |  0
|  19|0x0000000609800000, 0x0000000609800000, 0x0000000609c00000|  0%| F|  |TAMS 0x0000000609800000| PB 0x0000000609800000| Untracked |  0
|  20|0x0000000609c00000, 0x0000000609c00000, 0x000000060a000000|  0%| F|  |TAMS 0x0000000609c00000| PB 0x0000000609c00000| Untracked |  0
|  21|0x000000060a000000, 0x000000060a000000, 0x000000060a400000|  0%| F|  |TAMS 0x000000060a000000| PB 0x000000060a000000| Untracked |  0
|  22|0x000000060a400000, 0x000000060a400000, 0x000000060a800000|  0%| F|  |TAMS 0x000000060a400000| PB 0x000000060a400000| Untracked |  0
|  23|0x000000060a800000, 0x000000060a800000, 0x000000060ac00000|  0%| F|  |TAMS 0x000000060a800000| PB 0x000000060a800000| Untracked |  0
|  24|0x000000060ac00000, 0x000000060ac00000, 0x000000060b000000|  0%| F|  |TAMS 0x000000060ac00000| PB 0x000000060ac00000| Untracked |  0
|  25|0x000000060b000000, 0x000000060b000000, 0x000000060b400000|  0%| F|  |TAMS 0x000000060b000000| PB 0x000000060b000000| Untracked |  0
|  26|0x000000060b400000, 0x000000060b400000, 0x000000060b800000|  0%| F|  |TAMS 0x000000060b400000| PB 0x000000060b400000| Untracked |  0
|  27|0x000000060b800000, 0x000000060b800000, 0x000000060bc00000|  0%| F|  |TAMS 0x000000060b800000| PB 0x000000060b800000| Untracked |  0
|  28|0x000000060bc00000, 0x000000060bc00000, 0x000000060c000000|  0%| F|  |TAMS 0x000000060bc00000| PB 0x000000060bc00000| Untracked |  0
|  29|0x000000060c000000, 0x000000060c000000, 0x000000060c400000|  0%| F|  |TAMS 0x000000060c000000| PB 0x000000060c000000| Untracked |  0
|  30|0x000000060c400000, 0x000000060c400000, 0x000000060c800000|  0%| F|  |TAMS 0x000000060c400000| PB 0x000000060c400000| Untracked |  0
|  31|0x000000060c800000, 0x000000060c800000, 0x000000060cc00000|  0%| F|  |TAMS 0x000000060c800000| PB 0x000000060c800000| Untracked |  0
|  32|0x000000060cc00000, 0x000000060cc00000, 0x000000060d000000|  0%| F|  |TAMS 0x000000060cc00000| PB 0x000000060cc00000| Untracked |  0
|  33|0x000000060d000000, 0x000000060d000000, 0x000000060d400000|  0%| F|  |TAMS 0x000000060d000000| PB 0x000000060d000000| Untracked |  0
|  34|0x000000060d400000, 0x000000060d400000, 0x000000060d800000|  0%| F|  |TAMS 0x000000060d400000| PB 0x000000060d400000| Untracked |  0
|  35|0x000000060d800000, 0x000000060d800000, 0x000000060dc00000|  0%| F|  |TAMS 0x000000060d800000| PB 0x000000060d800000| Untracked |  0
|  36|0x000000060dc00000, 0x000000060dc00000, 0x000000060e000000|  0%| F|  |TAMS 0x000000060dc00000| PB 0x000000060dc00000| Untracked |  0
|  37|0x000000060e000000, 0x000000060e000000, 0x000000060e400000|  0%| F|  |TAMS 0x000000060e000000| PB 0x000000060e000000| Untracked |  0
|  38|0x000000060e400000, 0x000000060e400000, 0x000000060e800000|  0%| F|  |TAMS 0x000000060e400000| PB 0x000000060e400000| Untracked |  0
|  39|0x000000060e800000, 0x000000060e800000, 0x000000060ec00000|  0%| F|  |TAMS 0x000000060e800000| PB 0x000000060e800000| Untracked |  0
|  40|0x000000060ec00000, 0x000000060ec00000, 0x000000060f000000|  0%| F|  |TAMS 0x000000060ec00000| PB 0x000000060ec00000| Untracked |  0
|  41|0x000000060f000000, 0x000000060f000000, 0x000000060f400000|  0%| F|  |TAMS 0x000000060f000000| PB 0x000000060f000000| Untracked |  0
|  42|0x000000060f400000, 0x000000060f400000, 0x000000060f800000|  0%| F|  |TAMS 0x000000060f400000| PB 0x000000060f400000| Untracked |  0
|  43|0x000000060f800000, 0x000000060f800000, 0x000000060fc00000|  0%| F|  |TAMS 0x000000060f800000| PB 0x000000060f800000| Untracked |  0
|  44|0x000000060fc00000, 0x000000060fc00000, 0x0000000610000000|  0%| F|  |TAMS 0x000000060fc00000| PB 0x000000060fc00000| Untracked |  0
|  45|0x0000000610000000, 0x0000000610000000, 0x0000000610400000|  0%| F|  |TAMS 0x0000000610000000| PB 0x0000000610000000| Untracked |  0
|  46|0x0000000610400000, 0x0000000610400000, 0x0000000610800000|  0%| F|  |TAMS 0x0000000610400000| PB 0x0000000610400000| Untracked |  0
|  47|0x0000000610800000, 0x0000000610800000, 0x0000000610c00000|  0%| F|  |TAMS 0x0000000610800000| PB 0x0000000610800000| Untracked |  0
|  48|0x0000000610c00000, 0x0000000610c00000, 0x0000000611000000|  0%| F|  |TAMS 0x0000000610c00000| PB 0x0000000610c00000| Untracked |  0
|  49|0x0000000611000000, 0x0000000611000000, 0x0000000611400000|  0%| F|  |TAMS 0x0000000611000000| PB 0x0000000611000000| Untracked |  0
|  50|0x0000000611400000, 0x0000000611400000, 0x0000000611800000|  0%| F|  |TAMS 0x0000000611400000| PB 0x0000000611400000| Untracked |  0
|  51|0x0000000611800000, 0x0000000611800000, 0x0000000611c00000|  0%| F|  |TAMS 0x0000000611800000| PB 0x0000000611800000| Untracked |  0
|  52|0x0000000611c00000, 0x0000000611c00000, 0x0000000612000000|  0%| F|  |TAMS 0x0000000611c00000| PB 0x0000000611c00000| Untracked |  0
|  53|0x0000000612000000, 0x0000000612000000, 0x0000000612400000|  0%| F|  |TAMS 0x0000000612000000| PB 0x0000000612000000| Untracked |  0
|  54|0x0000000612400000, 0x0000000612400000, 0x0000000612800000|  0%| F|  |TAMS 0x0000000612400000| PB 0x0000000612400000| Untracked |  0
|  55|0x0000000612800000, 0x0000000612800000, 0x0000000612c00000|  0%| F|  |TAMS 0x0000000612800000| PB 0x0000000612800000| Untracked |  0
|  56|0x0000000612c00000, 0x0000000612c00000, 0x0000000613000000|  0%| F|  |TAMS 0x0000000612c00000| PB 0x0000000612c00000| Untracked |  0
|  57|0x0000000613000000, 0x0000000613000000, 0x0000000613400000|  0%| F|  |TAMS 0x0000000613000000| PB 0x0000000613000000| Untracked |  0
|  58|0x0000000613400000, 0x0000000613400000, 0x0000000613800000|  0%| F|  |TAMS 0x0000000613400000| PB 0x0000000613400000| Untracked |  0
|  59|0x0000000613800000, 0x0000000613800000, 0x0000000613c00000|  0%| F|  |TAMS 0x0000000613800000| PB 0x0000000613800000| Untracked |  0
|  60|0x0000000613c00000, 0x0000000613c00000, 0x0000000614000000|  0%| F|  |TAMS 0x0000000613c00000| PB 0x0000000613c00000| Untracked |  0
|  61|0x0000000614000000, 0x0000000614000000, 0x0000000614400000|  0%| F|  |TAMS 0x0000000614000000| PB 0x0000000614000000| Untracked |  0
|  62|0x0000000614400000, 0x0000000614400000, 0x0000000614800000|  0%| F|  |TAMS 0x0000000614400000| PB 0x0000000614400000| Untracked |  0
|  63|0x0000000614800000, 0x0000000614800000, 0x0000000614c00000|  0%| F|  |TAMS 0x0000000614800000| PB 0x0000000614800000| Untracked |  0
|  64|0x0000000614c00000, 0x0000000614c00000, 0x0000000615000000|  0%| F|  |TAMS 0x0000000614c00000| PB 0x0000000614c00000| Untracked |  0
|  65|0x0000000615000000, 0x0000000615000000, 0x0000000615400000|  0%| F|  |TAMS 0x0000000615000000| PB 0x0000000615000000| Untracked |  0
|  66|0x0000000615400000, 0x0000000615400000, 0x0000000615800000|  0%| F|  |TAMS 0x0000000615400000| PB 0x0000000615400000| Untracked |  0
|  67|0x0000000615800000, 0x0000000615800000, 0x0000000615c00000|  0%| F|  |TAMS 0x0000000615800000| PB 0x0000000615800000| Untracked |  0
|  68|0x0000000615c00000, 0x0000000615c00000, 0x0000000616000000|  0%| F|  |TAMS 0x0000000615c00000| PB 0x0000000615c00000| Untracked |  0
|  69|0x0000000616000000, 0x0000000616000000, 0x0000000616400000|  0%| F|  |TAMS 0x0000000616000000| PB 0x0000000616000000| Untracked |  0
|  70|0x0000000616400000, 0x0000000616400000, 0x0000000616800000|  0%| F|  |TAMS 0x0000000616400000| PB 0x0000000616400000| Untracked |  0
|  71|0x0000000616800000, 0x0000000616800000, 0x0000000616c00000|  0%| F|  |TAMS 0x0000000616800000| PB 0x0000000616800000| Untracked |  0
|  72|0x0000000616c00000, 0x0000000616c00000, 0x0000000617000000|  0%| F|  |TAMS 0x0000000616c00000| PB 0x0000000616c00000| Untracked |  0
|  73|0x0000000617000000, 0x0000000617000000, 0x0000000617400000|  0%| F|  |TAMS 0x0000000617000000| PB 0x0000000617000000| Untracked |  0
|  74|0x0000000617400000, 0x0000000617400000, 0x0000000617800000|  0%| F|  |TAMS 0x0000000617400000| PB 0x0000000617400000| Untracked |  0
|  75|0x0000000617800000, 0x0000000617800000, 0x0000000617c00000|  0%| F|  |TAMS 0x0000000617800000| PB 0x0000000617800000| Untracked |  0
|  76|0x0000000617c00000, 0x0000000617c00000, 0x0000000618000000|  0%| F|  |TAMS 0x0000000617c00000| PB 0x0000000617c00000| Untracked |  0
|  77|0x0000000618000000, 0x0000000618000000, 0x0000000618400000|  0%| F|  |TAMS 0x0000000618000000| PB 0x0000000618000000| Untracked |  0
|  78|0x0000000618400000, 0x0000000618400000, 0x0000000618800000|  0%| F|  |TAMS 0x0000000618400000| PB 0x0000000618400000| Untracked |  0
|  79|0x0000000618800000, 0x0000000618800000, 0x0000000618c00000|  0%| F|  |TAMS 0x0000000618800000| PB 0x0000000618800000| Untracked |  0
|  80|0x0000000618c00000, 0x0000000618c00000, 0x0000000619000000|  0%| F|  |TAMS 0x0000000618c00000| PB 0x0000000618c00000| Untracked |  0
|  81|0x0000000619000000, 0x0000000619000000, 0x0000000619400000|  0%| F|  |TAMS 0x0000000619000000| PB 0x0000000619000000| Untracked |  0
|  82|0x0000000619400000, 0x0000000619400000, 0x0000000619800000|  0%| F|  |TAMS 0x0000000619400000| PB 0x0000000619400000| Untracked |  0
|  83|0x0000000619800000, 0x0000000619800000, 0x0000000619c00000|  0%| F|  |TAMS 0x0000000619800000| PB 0x0000000619800000| Untracked |  0
|  84|0x0000000619c00000, 0x0000000619c00000, 0x000000061a000000|  0%| F|  |TAMS 0x0000000619c00000| PB 0x0000000619c00000| Untracked |  0
|  85|0x000000061a000000, 0x000000061a000000, 0x000000061a400000|  0%| F|  |TAMS 0x000000061a000000| PB 0x000000061a000000| Untracked |  0
|  86|0x000000061a400000, 0x000000061a400000, 0x000000061a800000|  0%| F|  |TAMS 0x000000061a400000| PB 0x000000061a400000| Untracked |  0
|  87|0x000000061a800000, 0x000000061a800000, 0x000000061ac00000|  0%| F|  |TAMS 0x000000061a800000| PB 0x000000061a800000| Untracked |  0
|  88|0x000000061ac00000, 0x000000061ac00000, 0x000000061b000000|  0%| F|  |TAMS 0x000000061ac00000| PB 0x000000061ac00000| Untracked |  0
|  89|0x000000061b000000, 0x000000061b000000, 0x000000061b400000|  0%| F|  |TAMS 0x000000061b000000| PB 0x000000061b000000| Untracked |  0
|  90|0x000000061b400000, 0x000000061b400000, 0x000000061b800000|  0%| F|  |TAMS 0x000000061b400000| PB 0x000000061b400000| Untracked |  0
|  91|0x000000061b800000, 0x000000061b800000, 0x000000061bc00000|  0%| F|  |TAMS 0x000000061b800000| PB 0x000000061b800000| Untracked |  0
|  92|0x000000061bc00000, 0x000000061bc00000, 0x000000061c000000|  0%| F|  |TAMS 0x000000061bc00000| PB 0x000000061bc00000| Untracked |  0
|  93|0x000000061c000000, 0x000000061c000000, 0x000000061c400000|  0%| F|  |TAMS 0x000000061c000000| PB 0x000000061c000000| Untracked |  0
|  94|0x000000061c400000, 0x000000061c400000, 0x000000061c800000|  0%| F|  |TAMS 0x000000061c400000| PB 0x000000061c400000| Untracked |  0
|  95|0x000000061c800000, 0x000000061c800000, 0x000000061cc00000|  0%| F|  |TAMS 0x000000061c800000| PB 0x000000061c800000| Untracked |  0
|  96|0x000000061cc00000, 0x000000061cc00000, 0x000000061d000000|  0%| F|  |TAMS 0x000000061cc00000| PB 0x000000061cc00000| Untracked |  0
|  97|0x000000061d000000, 0x000000061d000000, 0x000000061d400000|  0%| F|  |TAMS 0x000000061d000000| PB 0x000000061d000000| Untracked |  0
|  98|0x000000061d400000, 0x000000061d400000, 0x000000061d800000|  0%| F|  |TAMS 0x000000061d400000| PB 0x000000061d400000| Untracked |  0
|  99|0x000000061d800000, 0x000000061d800000, 0x000000061dc00000|  0%| F|  |TAMS 0x000000061d800000| PB 0x000000061d800000| Untracked |  0
| 100|0x000000061dc00000, 0x000000061dc00000, 0x000000061e000000|  0%| F|  |TAMS 0x000000061dc00000| PB 0x000000061dc00000| Untracked |  0
| 101|0x000000061e000000, 0x000000061e000000, 0x000000061e400000|  0%| F|  |TAMS 0x000000061e000000| PB 0x000000061e000000| Untracked |  0
| 102|0x000000061e400000, 0x000000061e400000, 0x000000061e800000|  0%| F|  |TAMS 0x000000061e400000| PB 0x000000061e400000| Untracked |  0
| 103|0x000000061e800000, 0x000000061e800000, 0x000000061ec00000|  0%| F|  |TAMS 0x000000061e800000| PB 0x000000061e800000| Untracked |  0
| 104|0x000000061ec00000, 0x000000061ec00000, 0x000000061f000000|  0%| F|  |TAMS 0x000000061ec00000| PB 0x000000061ec00000| Untracked |  0
| 105|0x000000061f000000, 0x000000061f000000, 0x000000061f400000|  0%| F|  |TAMS 0x000000061f000000| PB 0x000000061f000000| Untracked |  0
| 106|0x000000061f400000, 0x000000061f400000, 0x000000061f800000|  0%| F|  |TAMS 0x000000061f400000| PB 0x000000061f400000| Untracked |  0
| 107|0x000000061f800000, 0x000000061f800000, 0x000000061fc00000|  0%| F|  |TAMS 0x000000061f800000| PB 0x000000061f800000| Untracked |  0
| 108|0x000000061fc00000, 0x000000061fc00000, 0x0000000620000000|  0%| F|  |TAMS 0x000000061fc00000| PB 0x000000061fc00000| Untracked |  0
| 109|0x0000000620000000, 0x0000000620000000, 0x0000000620400000|  0%| F|  |TAMS 0x0000000620000000| PB 0x0000000620000000| Untracked |  0
| 110|0x0000000620400000, 0x0000000620400000, 0x0000000620800000|  0%| F|  |TAMS 0x0000000620400000| PB 0x0000000620400000| Untracked |  0
| 111|0x0000000620800000, 0x0000000620800000, 0x0000000620c00000|  0%| F|  |TAMS 0x0000000620800000| PB 0x0000000620800000| Untracked |  0
| 112|0x0000000620c00000, 0x0000000620c00000, 0x0000000621000000|  0%| F|  |TAMS 0x0000000620c00000| PB 0x0000000620c00000| Untracked |  0
| 113|0x0000000621000000, 0x0000000621000000, 0x0000000621400000|  0%| F|  |TAMS 0x0000000621000000| PB 0x0000000621000000| Untracked |  0
| 114|0x0000000621400000, 0x0000000621400000, 0x0000000621800000|  0%| F|  |TAMS 0x0000000621400000| PB 0x0000000621400000| Untracked |  0
| 115|0x0000000621800000, 0x0000000621800000, 0x0000000621c00000|  0%| F|  |TAMS 0x0000000621800000| PB 0x0000000621800000| Untracked |  0
| 116|0x0000000621c00000, 0x0000000621c00000, 0x0000000622000000|  0%| F|  |TAMS 0x0000000621c00000| PB 0x0000000621c00000| Untracked |  0
| 117|0x0000000622000000, 0x0000000622000000, 0x0000000622400000|  0%| F|  |TAMS 0x0000000622000000| PB 0x0000000622000000| Untracked |  0
| 118|0x0000000622400000, 0x0000000622400000, 0x0000000622800000|  0%| F|  |TAMS 0x0000000622400000| PB 0x0000000622400000| Untracked |  0
| 119|0x0000000622800000, 0x0000000622c00000, 0x0000000622c00000|100%| E|  |TAMS 0x0000000622800000| PB 0x0000000622800000| Complete |  0
| 120|0x0000000622c00000, 0x0000000623000000, 0x0000000623000000|100%| E|CS|TAMS 0x0000000622c00000| PB 0x0000000622c00000| Complete |  0
| 121|0x0000000623000000, 0x0000000623400000, 0x0000000623400000|100%| E|CS|TAMS 0x0000000623000000| PB 0x0000000623000000| Complete |  0
| 122|0x0000000623400000, 0x0000000623800000, 0x0000000623800000|100%| E|CS|TAMS 0x0000000623400000| PB 0x0000000623400000| Complete |  0
| 123|0x0000000623800000, 0x0000000623c00000, 0x0000000623c00000|100%| E|CS|TAMS 0x0000000623800000| PB 0x0000000623800000| Complete |  0
| 124|0x0000000623c00000, 0x0000000624000000, 0x0000000624000000|100%| E|CS|TAMS 0x0000000623c00000| PB 0x0000000623c00000| Complete |  0
| 125|0x0000000624000000, 0x0000000624400000, 0x0000000624400000|100%| E|CS|TAMS 0x0000000624000000| PB 0x0000000624000000| Complete |  0
| 126|0x0000000624400000, 0x0000000624800000, 0x0000000624800000|100%| E|CS|TAMS 0x0000000624400000| PB 0x0000000624400000| Complete |  0
|2028|0x00000007ffc00000, 0x00000007ffd1c348, 0x0000000800000000| 27%| O|  |TAMS 0x00000007ffc00000| PB 0x00000007ffc00000| Untracked |  0

Card table byte_map: [0x0000017851930000,0x0000017852910000] _byte_map_base: 0x000001784e90a000

Marking Bits: (CMBitMap*) 0x0000017836c78930
 Bits: [0x0000017852910000, 0x000001785a7e0000)

Polling page: 0x0000017834b70000

Metaspace:

Usage:
  Non-class:      6.58 MB used.
      Class:    689.26 KB used.
       Both:      7.25 MB used.

Virtual space:
  Non-class space:       64.00 MB reserved,       6.69 MB ( 10%) committed,  1 nodes.
      Class space:        1.00 GB reserved,     832.00 KB ( <1%) committed,  1 nodes.
             Both:        1.06 GB reserved,       7.50 MB ( <1%) committed. 

Chunk freelists:
   Non-Class:  8.97 MB
       Class:  15.23 MB
        Both:  24.21 MB

MaxMetaspaceSize: unlimited
CompressedClassSpaceSize: 1.00 GB
Initial GC threshold: 21.00 MB
Current GC threshold: 21.00 MB
CDS: on
 - commit_granule_bytes: 65536.
 - commit_granule_words: 8192.
 - virtual_space_node_default_size: 8388608.
 - enlarge_chunks_in_place: 1.
UseCompressedClassPointers 1, UseCompactObjectHeaders 0
Narrow klass pointer bits 32, Max shift 3
Narrow klass base: 0x000001785f000000, Narrow klass shift: 0
Encoding Range: [0x000001785f000000 - 0x000001795f000000), (4294967296 bytes)
Klass Range:    [0x000001785f000000 - 0x00000178a0000000), (1090519040 bytes)
Klass ID Range:  [8 - 1090519033) (1090519025)


Internal statistics:

num_allocs_failed_limit: 0.
num_arena_births: 122.
num_arena_deaths: 0.
num_vsnodes_births: 2.
num_vsnodes_deaths: 0.
num_space_committed: 120.
num_space_uncommitted: 0.
num_chunks_returned_to_freelist: 0.
num_chunks_taken_from_freelist: 169.
num_chunk_merges: 0.
num_chunk_splits: 96.
num_chunks_enlarged: 32.
num_inconsistent_stats: 0.

CodeHeap 'non-profiled nmethods': size=118912Kb used=559Kb max_used=559Kb free=118352Kb
 bounds [0x0000017847ca0000, 0x0000017847f10000, 0x000001784f0c0000]
CodeHeap 'profiled nmethods': size=118848Kb used=2620Kb max_used=2620Kb free=116227Kb
 bounds [0x00000178400c0000, 0x0000017840350000, 0x00000178474d0000]
CodeHeap 'non-nmethods': size=8000Kb used=3575Kb max_used=3610Kb free=4424Kb
 bounds [0x00000178474d0000, 0x0000017847870000, 0x0000017847ca0000]
CodeCache: size=245760Kb, used=6754Kb, max_used=6789Kb, free=239003Kb
 total_blobs=2320, nmethods=1823, adapters=398, full_count=0
Compilation: enabled, stopped_count=0, restarted_count=0

Compilation events (20 events):
Event: 0.395 Thread 0x000001785e4b33e0 nmethod 1710 0x000001784031f608 code [0x000001784031f840, 0x0000017840320980]
Event: 0.396 Thread 0x000001785e4b33e0 1714       3       java.lang.invoke.LambdaForm::parameterType (9 bytes)
Event: 0.396 Thread 0x00000178a4039a90 1715       3       java.lang.invoke.LambdaForm$BasicType::basicTypeSlots (8 bytes)
Event: 0.396 Thread 0x000001785e4b6ad0 1716       3       sun.invoke.util.Wrapper::stackSlots (9 bytes)
Event: 0.396 Thread 0x000001785e4b33e0 nmethod 1714 0x0000017840320a08 code [0x0000017840320b20, 0x0000017840320c90]
Event: 0.396 Thread 0x00000178a4039a90 nmethod 1715 0x0000017840320d08 code [0x0000017840320e20, 0x0000017840321018]
Event: 0.396 Thread 0x000001785e4b6ad0 nmethod 1716 0x0000017840321088 code [0x00000178403211a0, 0x00000178403212b0]
Event: 0.396 Thread 0x000001785e3a0c10 nmethod 1712 0x0000017840321388 code [0x0000017840321640, 0x0000017840322bb8]
Event: 0.397 Thread 0x000001785e5221b0 nmethod 1708 0x0000017847d22508 code [0x0000017847d22600, 0x0000017847d22780]
Event: 0.397 Thread 0x000001785e3a0c10 1717       3       java.lang.Integer::rotateRight (9 bytes)
Event: 0.397 Thread 0x000001785e3a0c10 nmethod 1717 0x0000017840322c88 code [0x0000017840322da0, 0x0000017840322e98]
Event: 0.397 Thread 0x000001785ed272c0 1718       4       java.lang.Integer::rotateRight (9 bytes)
Event: 0.397 Thread 0x000001785e3a0070 1719       4       java.lang.invoke.VarForm::getMemberName (38 bytes)
Event: 0.398 Thread 0x000001785e33aea0 1720       3       java.lang.invoke.VarHandle::accessModeType (41 bytes)
Event: 0.398 Thread 0x000001785e4b6ad0 1721       3       java.lang.invoke.VarHandle::checkAccessModeThenIsDirect (29 bytes)
Event: 0.398 Thread 0x000001785ed272c0 nmethod 1718 0x0000017847d22808 code [0x0000017847d22900, 0x0000017847d22970]
Event: 0.398 Thread 0x000001785e33aea0 nmethod 1720 0x0000017840322f88 code [0x0000017840323100, 0x00000178403238f8]
Event: 0.398 Thread 0x000001785e4b6ad0 nmethod 1721 0x0000017840323988 code [0x0000017840323b20, 0x00000178403244c8]
Event: 0.398 Thread 0x000001785e3a0070 nmethod 1719 0x0000017847d22e08 code [0x0000017847d22f20, 0x0000017847d23038]
Event: 0.403 Thread 0x00000178a400a000 nmethod 1713 0x0000017847d23108 code [0x0000017847d232e0, 0x0000017847d24020]

GC Heap History (0 events):
No events

Dll operation events (11 events):
Event: 0.021 Loaded shared library C:\Users\DELL\.jdks\openjdk-24\bin\java.dll
Event: 0.038 Loaded shared library C:\Users\DELL\.jdks\openjdk-24\bin\jsvml.dll
Event: 0.057 Loaded shared library C:\Users\DELL\.jdks\openjdk-24\bin\zip.dll
Event: 0.058 Loaded shared library C:\Users\DELL\.jdks\openjdk-24\bin\instrument.dll
Event: 0.061 Loaded shared library C:\Users\DELL\.jdks\openjdk-24\bin\net.dll
Event: 0.062 Loaded shared library C:\Users\DELL\.jdks\openjdk-24\bin\nio.dll
Event: 0.065 Loaded shared library C:\Users\DELL\.jdks\openjdk-24\bin\zip.dll
Event: 0.077 Loaded shared library C:\Users\DELL\.jdks\openjdk-24\bin\extnet.dll
Event: 0.136 Loaded shared library C:\Users\DELL\.jdks\openjdk-24\bin\jimage.dll
Event: 0.177 Loaded shared library C:\Users\DELL\.jdks\openjdk-24\bin\management.dll
Event: 0.187 Loaded shared library C:\Users\DELL\.jdks\openjdk-24\bin\management_ext.dll

Deoptimization events (20 events):
Event: 0.341 Thread 0x000001785e367030 DEOPT PACKING pc=0x0000017847d05528 sp=0x0000003bf4ffe9d0
Event: 0.341 Thread 0x000001785e367030 DEOPT UNPACKING pc=0x00000178475e7a82 sp=0x0000003bf4ffe998 mode 2
Event: 0.343 Thread 0x00000178370de330 Uncommon trap: trap_request=0xffffff4d fr.pc=0x0000017847d0ca68 relative=0x0000000000000068
Event: 0.343 Thread 0x00000178370de330 Uncommon trap: reason=unstable_if action=reinterpret pc=0x0000017847d0ca68 method=java.io.ByteArrayOutputStream.ensureCapacity(I)V @ 11 c2
Event: 0.344 Thread 0x00000178370de330 DEOPT PACKING pc=0x0000017847d0ca68 sp=0x0000003bf44fdd40
Event: 0.344 Thread 0x00000178370de330 DEOPT UNPACKING pc=0x00000178475e7a82 sp=0x0000003bf44fdcc0 mode 2
Event: 0.383 Thread 0x000001785e367030 Uncommon trap: trap_request=0xffffff4d fr.pc=0x0000017847cba854 relative=0x0000000000000154
Event: 0.383 Thread 0x000001785e367030 Uncommon trap: reason=unstable_if action=reinterpret pc=0x0000017847cba854 method=java.lang.StringCoding.countPositives([BII)I @ 17 c2
Event: 0.383 Thread 0x000001785e367030 DEOPT PACKING pc=0x0000017847cba854 sp=0x0000003bf4ffd0a0
Event: 0.383 Thread 0x000001785e367030 DEOPT UNPACKING pc=0x00000178475e7a82 sp=0x0000003bf4ffd040 mode 2
Event: 0.390 Thread 0x000001785e367030 DEOPT PACKING pc=0x0000017840304698 sp=0x0000003bf4ffd130
Event: 0.390 Thread 0x000001785e367030 DEOPT UNPACKING pc=0x0000017847525722 sp=0x0000003bf4ffc5a0 mode 0
Event: 0.392 Thread 0x000001785e367030 DEOPT PACKING pc=0x0000017840304698 sp=0x0000003bf4ffd130
Event: 0.392 Thread 0x000001785e367030 DEOPT UNPACKING pc=0x0000017847525722 sp=0x0000003bf4ffc5a0 mode 0
Event: 0.394 Thread 0x000001785e367030 DEOPT PACKING pc=0x0000017840304698 sp=0x0000003bf4ffd130
Event: 0.394 Thread 0x000001785e367030 DEOPT UNPACKING pc=0x0000017847525722 sp=0x0000003bf4ffc5a0 mode 0
Event: 0.394 Thread 0x000001785e367030 Uncommon trap: trap_request=0xffffff4d fr.pc=0x0000017847cd4ae0 relative=0x0000000000000060
Event: 0.394 Thread 0x000001785e367030 Uncommon trap: reason=unstable_if action=reinterpret pc=0x0000017847cd4ae0 method=java.lang.invoke.VarHandle.checkAccessModeThenIsDirect(Ljava/lang/invoke/VarHandle$AccessDescriptor;)Z @ 4 c2
Event: 0.394 Thread 0x000001785e367030 DEOPT PACKING pc=0x0000017847cd4ae0 sp=0x0000003bf4ffcf60
Event: 0.394 Thread 0x000001785e367030 DEOPT UNPACKING pc=0x00000178475e7a82 sp=0x0000003bf4ffcf00 mode 2

Classes loaded (20 events):
Event: 0.398 Loading class sun/rmi/transport/tcp/TCPEndpoint
Event: 0.399 Loading class sun/rmi/transport/Endpoint
Event: 0.399 Loading class sun/rmi/transport/Endpoint done
Event: 0.399 Loading class sun/rmi/transport/tcp/TCPEndpoint done
Event: 0.402 Loading class java/net/InetAddress$CachedLocalHost
Event: 0.402 Loading class java/net/InetAddress$CachedLocalHost done
Event: 0.402 Loading class sun/rmi/transport/tcp/TCPTransport
Event: 0.402 Loading class sun/rmi/transport/Transport
Event: 0.402 Loading class sun/rmi/transport/Transport done
Event: 0.402 Loading class sun/rmi/transport/tcp/TCPTransport done
Event: 0.403 Loading class java/util/concurrent/ThreadPoolExecutor
Event: 0.403 Loading class java/util/concurrent/ThreadPoolExecutor done
Event: 0.403 Loading class java/util/concurrent/ThreadPoolExecutor$AbortPolicy
Event: 0.403 Loading class java/util/concurrent/RejectedExecutionHandler
Event: 0.403 Loading class java/util/concurrent/RejectedExecutionHandler done
Event: 0.403 Loading class java/util/concurrent/ThreadPoolExecutor$AbortPolicy done
Event: 0.403 Loading class java/util/concurrent/SynchronousQueue
Event: 0.403 Loading class java/util/concurrent/BlockingQueue
Event: 0.403 Loading class java/util/concurrent/BlockingQueue done
Event: 0.403 Loading class java/util/AbstractQueue

Classes unloaded (0 events):
No events

Classes redefined (0 events):
No events

Internal exceptions (20 events):
Event: 0.076 Thread 0x000001785e676220 Exception <a 'java/lang/NoSuchMethodError'{0x00000006240fae30}: 'java.lang.Object java.lang.invoke.DirectMethodHandle$Holder.invokeStaticInit(java.lang.Object)'> (0x00000006240fae30) 
thrown [s\open\src\hotspot\share\interpreter\linkResolver.cpp, line 805]
Event: 0.080 Thread 0x000001785e676220 Exception <a 'java/lang/NoSuchMethodError'{0x0000000624105a40}: 'void java.lang.invoke.DirectMethodHandle$Holder.invokeStatic(java.lang.Object, java.lang.Object)'> (0x0000000624105a40) 
thrown [s\open\src\hotspot\share\interpreter\linkResolver.cpp, line 805]
Event: 0.139 Thread 0x00000178370de330 Exception <a 'java/lang/NoSuchMethodError'{0x00000006243128d0}: 'java.lang.Object java.lang.invoke.DirectMethodHandle$Holder.invokeStatic(java.lang.Object, int, java.lang.Object)'> (0x00000006243128d0) 
thrown [s\open\src\hotspot\share\interpreter\linkResolver.cpp, line 805]
Event: 0.153 Thread 0x00000178370de330 Exception <a 'java/lang/NoSuchMethodError'{0x000000062436ce10}: 'void java.lang.invoke.DirectMethodHandle$Holder.invokeStaticInit(java.lang.Object)'> (0x000000062436ce10) 
thrown [s\open\src\hotspot\share\interpreter\linkResolver.cpp, line 805]
Event: 0.167 Thread 0x00000178370de330 Exception <a 'java/lang/NoSuchMethodError'{0x00000006243de170}: 'void java.lang.invoke.DirectMethodHandle$Holder.invokeSpecial(java.lang.Object, java.lang.Object, java.lang.Object)'> (0x00000006243de170) 
thrown [s\open\src\hotspot\share\interpreter\linkResolver.cpp, line 805]
Event: 0.176 Thread 0x00000178370de330 Exception <a 'java/lang/NoSuchMethodError'{0x0000000623c46df0}: 'java.lang.Object java.lang.invoke.DirectMethodHandle$Holder.newInvokeSpecial(java.lang.Object, java.lang.Object, java.lang.Object, java.lang.Object, java.lang.Object)'> (0x0000000623c46df0) 
thrown [s\open\src\hotspot\share\interpreter\linkResolver.cpp, line 805]
Event: 0.189 Thread 0x000001785e367030 Exception <a 'java/lang/NoSuchMethodError'{0x0000000624682a00}: 'int java.lang.invoke.DirectMethodHandle$Holder.invokeInterface(java.lang.Object, java.lang.Object)'> (0x0000000624682a00) 
thrown [s\open\src\hotspot\share\interpreter\linkResolver.cpp, line 805]
Event: 0.190 Thread 0x000001785e367030 Exception <a 'java/lang/IncompatibleClassChangeError'{0x000000062468a680}: Found class java.lang.Object, but interface was expected> (0x000000062468a680) 
thrown [s\open\src\hotspot\share\interpreter\linkResolver.cpp, line 872]
Event: 0.210 Thread 0x00000178370de330 Exception <a 'java/lang/NoSuchMethodError'{0x0000000623de1020}: 'long java.lang.invoke.DirectMethodHandle$Holder.invokeVirtual(java.lang.Object, java.lang.Object)'> (0x0000000623de1020) 
thrown [s\open\src\hotspot\share\interpreter\linkResolver.cpp, line 805]
Event: 0.221 Thread 0x000001785e367030 Exception <a 'java/lang/NoSuchMethodError'{0x00000006239220c0}: 'int java.lang.invoke.DirectMethodHandle$Holder.invokeSpecial(java.lang.Object, java.lang.Object, java.lang.Object)'> (0x00000006239220c0) 
thrown [s\open\src\hotspot\share\interpreter\linkResolver.cpp, line 805]
Event: 0.304 Thread 0x00000178370de330 Exception <a 'java/lang/NoSuchMethodError'{0x00000006230fe510}: 'void java.lang.invoke.DirectMethodHandle$Holder.invokeSpecial(java.lang.Object, java.lang.Object, int)'> (0x00000006230fe510) 
thrown [s\open\src\hotspot\share\interpreter\linkResolver.cpp, line 805]
Event: 0.304 Thread 0x00000178370de330 Exception <a 'java/lang/NoSuchMethodError'{0x0000000623106130}: 'void java.lang.invoke.Invokers$Holder.invokeExact_MT(java.lang.Object, int, java.lang.Object)'> (0x0000000623106130) 
thrown [s\open\src\hotspot\share\interpreter\linkResolver.cpp, line 805]
Event: 0.307 Thread 0x00000178370de330 Exception <a 'java/lang/NoSuchMethodError'{0x0000000623120a60}: 'void java.lang.invoke.DirectMethodHandle$Holder.invokeStatic(java.lang.Object, java.lang.Object, int)'> (0x0000000623120a60) 
thrown [s\open\src\hotspot\share\interpreter\linkResolver.cpp, line 805]
Event: 0.308 Thread 0x00000178370de330 Exception <a 'java/lang/NoSuchMethodError'{0x000000062312fb50}: 'java.lang.Object java.lang.invoke.DirectMethodHandle$Holder.newInvokeSpecial(java.lang.Object, java.lang.Object, int)'> (0x000000062312fb50) 
thrown [s\open\src\hotspot\share\interpreter\linkResolver.cpp, line 805]
Event: 0.309 Thread 0x00000178a57cbd20 Exception <a 'java/lang/NoSuchMethodError'{0x00000006232e37d8}: 'long java.lang.invoke.DirectMethodHandle$Holder.invokeSpecial(java.lang.Object, java.lang.Object)'> (0x00000006232e37d8) 
thrown [s\open\src\hotspot\share\interpreter\linkResolver.cpp, line 805]
Event: 0.324 Thread 0x00000178370de330 Exception <a 'sun/nio/fs/WindowsException'{0x0000000623163e28}> (0x0000000623163e28) 
thrown [s\open\src\hotspot\share\prims\jni.cpp, line 518]
Event: 0.325 Thread 0x00000178370de330 Exception <a 'sun/nio/fs/WindowsException'{0x0000000623170c40}> (0x0000000623170c40) 
thrown [s\open\src\hotspot\share\prims\jni.cpp, line 518]
Event: 0.328 Thread 0x00000178370de330 Exception <a 'sun/nio/fs/WindowsException'{0x0000000623182a50}> (0x0000000623182a50) 
thrown [s\open\src\hotspot\share\prims\jni.cpp, line 518]
Event: 0.378 Thread 0x000001785e367030 Exception <a 'java/lang/NoSuchMethodError'{0x0000000622f4d670}: 'java.lang.Object java.lang.invoke.DirectMethodHandle$Holder.invokeStaticInit(java.lang.Object, int, int, int, int)'> (0x0000000622f4d670) 
thrown [s\open\src\hotspot\share\interpreter\linkResolver.cpp, line 805]
Event: 0.396 Thread 0x000001785e367030 Exception <a 'java/lang/NoSuchMethodError'{0x0000000622825680}: 'java.lang.Object java.lang.invoke.DirectMethodHandle$Holder.invokeStaticInit(java.lang.Object, java.lang.Object, int, int, int, int)'> (0x0000000622825680) 
thrown [s\open\src\hotspot\share\interpreter\linkResolver.cpp, line 805]

VM Operations (10 events):
Event: 0.050 Executing VM operation: HandshakeAllThreads (Deoptimize)
Event: 0.050 Executing VM operation: HandshakeAllThreads (Deoptimize) done
Event: 0.310 Executing VM operation: HandshakeAllThreads (Deoptimize)
Event: 0.310 Executing VM operation: HandshakeAllThreads (Deoptimize) done
Event: 0.322 Executing VM operation: HandshakeAllThreads (Deoptimize)
Event: 0.322 Executing VM operation: HandshakeAllThreads (Deoptimize) done
Event: 0.346 Executing VM operation: JFRSafepointClear
Event: 0.346 Executing VM operation: JFRSafepointClear done
Event: 0.358 Executing VM operation: HandshakeAllThreads (Deoptimize)
Event: 0.358 Executing VM operation: HandshakeAllThreads (Deoptimize) done

Memory protections (0 events):
No events

Nmethod flushes (0 events):
No events

Events (20 events):
Event: 0.036 Thread 0x00000178370de330 Thread added: 0x000001785e360470
Event: 0.036 Thread 0x00000178370de330 Thread added: 0x000001785e3662e0
Event: 0.036 Thread 0x00000178370de330 Thread added: 0x000001785e367030
Event: 0.036 Thread 0x00000178370de330 Thread added: 0x000001785e36b1c0
Event: 0.036 Thread 0x00000178370de330 Thread added: 0x000001785e38f920
Event: 0.036 Thread 0x00000178370de330 Thread added: 0x000001785e3a0070
Event: 0.036 Thread 0x00000178370de330 Thread added: 0x000001785e3a0c10
Event: 0.040 Thread 0x000001785e3a0c10 Thread added: 0x000001785e33aea0
Event: 0.047 Thread 0x00000178370de330 Thread added: 0x000001785e496f50
Event: 0.051 Thread 0x000001785e33aea0 Thread added: 0x000001785e4b33e0
Event: 0.051 Thread 0x000001785e3a0c10 Thread added: 0x000001785e4b6ad0
Event: 0.054 Thread 0x000001785e3a0070 Thread added: 0x000001785e5221b0
Event: 0.071 Thread 0x00000178370de330 Thread added: 0x000001785e676220
Event: 0.134 Thread 0x000001785e33aea0 Thread added: 0x000001785ed272c0
Event: 0.151 Thread 0x00000178370de330 Thread added: 0x00000178a4087850
Event: 0.219 Thread 0x000001785e4b6ad0 Thread added: 0x00000178a49f9980
Event: 0.219 Thread 0x000001785e33aea0 Thread added: 0x00000178a400a000
Event: 0.219 Thread 0x000001785e33aea0 Thread added: 0x00000178a49fad30
Event: 0.286 Thread 0x000001785e5221b0 Thread added: 0x00000178a4039a90
Event: 0.308 Thread 0x00000178370de330 Thread added: 0x00000178a57cbd20


Dynamic libraries:
0x00007ff66abc0000 - 0x00007ff66abce000 	C:\Users\DELL\.jdks\openjdk-24\bin\java.exe
0x00007ffa640a0000 - 0x00007ffa64306000 	C:\WINDOWS\SYSTEM32\ntdll.dll
0x00007ffa62730000 - 0x00007ffa627f9000 	C:\WINDOWS\System32\KERNEL32.DLL
0x00007ffa61230000 - 0x00007ffa615fc000 	C:\WINDOWS\System32\KERNELBASE.dll
0x00007ffa618c0000 - 0x00007ffa61a0b000 	C:\WINDOWS\System32\ucrtbase.dll
0x00007ffa5a010000 - 0x00007ffa5a026000 	C:\Users\DELL\.jdks\openjdk-24\bin\jli.dll
0x00007ffa59de0000 - 0x00007ffa59dfb000 	C:\Users\DELL\.jdks\openjdk-24\bin\VCRUNTIME140.dll
0x00007ffa62bc0000 - 0x00007ffa62d8a000 	C:\WINDOWS\System32\USER32.dll
0x00007ffa42f30000 - 0x00007ffa431ca000 	C:\WINDOWS\WinSxS\amd64_microsoft.windows.common-controls_6595b64144ccf1df_6.0.26100.3912_none_3e07963ce335137e\COMCTL32.dll
0x00007ffa61e30000 - 0x00007ffa61e57000 	C:\WINDOWS\System32\win32u.dll
0x00007ffa636d0000 - 0x00007ffa63779000 	C:\WINDOWS\System32\msvcrt.dll
0x00007ffa623c0000 - 0x00007ffa623eb000 	C:\WINDOWS\System32\GDI32.dll
0x00007ffa61780000 - 0x00007ffa618b2000 	C:\WINDOWS\System32\gdi32full.dll
0x00007ffa61b70000 - 0x00007ffa61c13000 	C:\WINDOWS\System32\msvcp_win.dll
0x00007ffa62b80000 - 0x00007ffa62bb0000 	C:\WINDOWS\System32\IMM32.DLL
0x00007ffa59dd0000 - 0x00007ffa59ddc000 	C:\Users\DELL\.jdks\openjdk-24\bin\vcruntime140_1.dll
0x00007ffa43ad0000 - 0x00007ffa43b5e000 	C:\Users\DELL\.jdks\openjdk-24\bin\msvcp140.dll
0x00007ff984260000 - 0x00007ff985002000 	C:\Users\DELL\.jdks\openjdk-24\bin\server\jvm.dll
0x00007ffa623f0000 - 0x00007ffa624a2000 	C:\WINDOWS\System32\ADVAPI32.dll
0x00007ffa61fe0000 - 0x00007ffa62086000 	C:\WINDOWS\System32\sechost.dll
0x00007ffa62800000 - 0x00007ffa62916000 	C:\WINDOWS\System32\RPCRT4.dll
0x00007ffa622d0000 - 0x00007ffa62344000 	C:\WINDOWS\System32\WS2_32.dll
0x00007ffa5fe60000 - 0x00007ffa5febe000 	C:\WINDOWS\SYSTEM32\POWRPROF.dll
0x00007ffa5dc40000 - 0x00007ffa5dc76000 	C:\WINDOWS\SYSTEM32\WINMM.dll
0x00007ffa585f0000 - 0x00007ffa585fb000 	C:\WINDOWS\SYSTEM32\VERSION.dll
0x00007ffa5fe40000 - 0x00007ffa5fe54000 	C:\WINDOWS\SYSTEM32\UMPDC.dll
0x00007ffa60110000 - 0x00007ffa6012a000 	C:\WINDOWS\SYSTEM32\kernel.appcore.dll
0x00007ffa58230000 - 0x00007ffa5823a000 	C:\Users\DELL\.jdks\openjdk-24\bin\jimage.dll
0x00007ffa5e500000 - 0x00007ffa5e741000 	C:\WINDOWS\SYSTEM32\DBGHELP.DLL
0x00007ffa63340000 - 0x00007ffa636c4000 	C:\WINDOWS\System32\combase.dll
0x00007ffa61e60000 - 0x00007ffa61f40000 	C:\WINDOWS\System32\OLEAUT32.dll
0x00007ffa3a890000 - 0x00007ffa3a8c9000 	C:\WINDOWS\SYSTEM32\dbgcore.DLL
0x00007ffa61ad0000 - 0x00007ffa61b69000 	C:\WINDOWS\System32\bcryptPrimitives.dll
0x00007ffa58220000 - 0x00007ffa5822f000 	C:\Users\DELL\.jdks\openjdk-24\bin\instrument.dll
0x00007ffa541d0000 - 0x00007ffa541ee000 	C:\Users\DELL\.jdks\openjdk-24\bin\java.dll
0x00007ffa629d0000 - 0x00007ffa62b6f000 	C:\WINDOWS\System32\ole32.dll
0x00007ffa63790000 - 0x00007ffa63ebd000 	C:\WINDOWS\System32\SHELL32.dll
0x00007ffa61cb0000 - 0x00007ffa61e24000 	C:\WINDOWS\System32\wintypes.dll
0x00007ff9d7840000 - 0x00007ff9d7a4e000 	C:\Users\DELL\AppData\Local\Temp\idea_libasyncProfiler_dll_temp_folder\libasyncProfiler.dll
0x00007ffa5eec0000 - 0x00007ffa5f716000 	C:\WINDOWS\SYSTEM32\windows.storage.dll
0x00007ffa62d90000 - 0x00007ffa62e7f000 	C:\WINDOWS\System32\SHCORE.dll
0x00007ffa62350000 - 0x00007ffa623b9000 	C:\WINDOWS\System32\shlwapi.dll
0x00007ffa61140000 - 0x00007ffa6116f000 	C:\WINDOWS\SYSTEM32\profapi.dll
0x00007ff9f2820000 - 0x00007ff9f28f7000 	C:\Users\DELL\.jdks\openjdk-24\bin\jsvml.dll
0x00007ffa53e20000 - 0x00007ffa53e37000 	C:\Users\DELL\.jdks\openjdk-24\bin\zip.dll
0x00007ffa563a0000 - 0x00007ffa563b0000 	C:\Users\DELL\.jdks\openjdk-24\bin\net.dll
0x00007ffa60680000 - 0x00007ffa606ea000 	C:\WINDOWS\system32\mswsock.dll
0x00007ffa53e40000 - 0x00007ffa53e56000 	C:\Users\DELL\.jdks\openjdk-24\bin\nio.dll
0x00007ffa56380000 - 0x00007ffa56389000 	C:\Users\DELL\.jdks\openjdk-24\bin\extnet.dll
0x00007ffa5fb90000 - 0x00007ffa5fcb7000 	C:\WINDOWS\SYSTEM32\DNSAPI.dll
0x00007ffa5fb50000 - 0x00007ffa5fb83000 	C:\WINDOWS\SYSTEM32\IPHLPAPI.DLL
0x00007ffa63780000 - 0x00007ffa6378a000 	C:\WINDOWS\System32\NSI.dll
0x00007ffa58a30000 - 0x00007ffa58a3b000 	C:\Windows\System32\rasadhlp.dll
0x00007ffa586a0000 - 0x00007ffa58726000 	C:\WINDOWS\System32\fwpuclnt.dll
0x00007ffa50ee0000 - 0x00007ffa50eea000 	C:\Users\DELL\.jdks\openjdk-24\bin\management.dll
0x00007ffa4b040000 - 0x00007ffa4b04b000 	C:\Users\DELL\.jdks\openjdk-24\bin\management_ext.dll
0x00007ffa63320000 - 0x00007ffa63328000 	C:\WINDOWS\System32\PSAPI.DLL
0x00007ffa60920000 - 0x00007ffa6093c000 	C:\WINDOWS\SYSTEM32\CRYPTSP.dll
0x00007ffa60070000 - 0x00007ffa600aa000 	C:\WINDOWS\system32\rsaenh.dll
0x00007ffa60720000 - 0x00007ffa6074b000 	C:\WINDOWS\SYSTEM32\USERENV.dll
0x00007ffa61110000 - 0x00007ffa61136000 	C:\WINDOWS\SYSTEM32\bcrypt.dll
0x00007ffa60940000 - 0x00007ffa6094c000 	C:\WINDOWS\SYSTEM32\CRYPTBASE.dll
0x00007ffa49cc0000 - 0x00007ffa49cd8000 	C:\WINDOWS\system32\napinsp.dll
0x00007ffa43dd0000 - 0x00007ffa43de2000 	C:\WINDOWS\System32\winrnr.dll
0x00007ff9f1db0000 - 0x00007ff9f1de0000 	C:\WINDOWS\system32\nlansp_c.dll
0x00007ffa52bb0000 - 0x00007ffa52bc6000 	C:\WINDOWS\system32\wshbth.dll

dbghelp: loaded successfully - version: 4.0.5 - missing functions: none
symbol engine: initialized successfully - sym options: 0x614 - pdb path: .;C:\Users\DELL\.jdks\openjdk-24\bin;C:\WINDOWS\SYSTEM32;C:\WINDOWS\WinSxS\amd64_microsoft.windows.common-controls_6595b64144ccf1df_6.0.26100.3912_none_3e07963ce335137e;C:\Users\DELL\.jdks\openjdk-24\bin\server;C:\Users\DELL\AppData\Local\Temp\idea_libasyncProfiler_dll_temp_folder

VM Arguments:
jvm_args: -javaagent:C:\Program Files\JetBrains\IntelliJ IDEA 2024.3.5\lib\idea_rt.jar=57858 -agentpath:C:\Users\DELL\AppData\Local\Temp\idea_libasyncProfiler_dll_temp_folder\libasyncProfiler.dll=start,jfr,event=wall,interval=10ms,jfrsync=profile,cstack=no,file=C:\Users\DELL\IdeaSnapshots\Test_DR_1_2025_05_13_180829.jfr,dbghelppath=C:\Users\DELL\AppData\Local\Temp\idea_dbghelp_dll_temp_folder\dbghelp.dll,log=C:\Users\DELL\AppData\Local\Temp\Test_DR_1_2025_05_13_180829.jfr.log.txt,logLevel=DEBUG -Dfile.encoding=UTF-8 -Dsun.stdout.encoding=UTF-8 -Dsun.stderr.encoding=UTF-8 
java_command: test.Test_DR_1
java_class_path (initial): C:\Users\DELL\OneDrive\Escritorio\Practicas_EDA\EDA_PRAC_2_CalveiroTreitlLucaNicol嫳_ArreciadoYukhnenkoDavidManuel\out\production\EDA_PRAC_2_CalveiroTreitlLucaNicol嫳_ArreciadoYukhnenkoDavidManuel;C:\Users\DELL\OneDrive\Escritorio\Practicas_EDA\EDA_PRAC_2_CalveiroTreitlLucaNicol嫳_ArreciadoYukhnenkoDavidManuel\2025_PRAC2\lib\dogs.jar
Launcher Type: SUN_STANDARD

[Global flags]
     intx CICompilerCount                          = 15                                        {product} {ergonomic}
     uint ConcGCThreads                            = 6                                         {product} {ergonomic}
     bool FlightRecorder                           = true                                      {product} {management}
     uint G1ConcRefinementThreads                  = 23                                        {product} {ergonomic}
   size_t G1HeapRegionSize                         = 4194304                                   {product} {ergonomic}
   size_t InitialHeapSize                          = 532676608                                 {product} {ergonomic}
   size_t MarkStackSize                            = 4194304                                   {product} {ergonomic}
   size_t MarkStackSizeMax                         = 536870912                                 {product} {ergonomic}
   size_t MaxHeapSize                              = 8510242816                                {product} {ergonomic}
   size_t MaxNewSize                               = 5104467968                                {product} {ergonomic}
   size_t MinHeapDeltaBytes                        = 4194304                                   {product} {ergonomic}
   size_t MinHeapSize                              = 8388608                                   {product} {ergonomic}
    uintx NonNMethodCodeHeapSize                   = 8192000                                {pd product} {ergonomic}
    uintx NonProfiledCodeHeapSize                  = 121765888                              {pd product} {ergonomic}
    uintx ProfiledCodeHeapSize                     = 121700352                              {pd product} {ergonomic}
    uintx ReservedCodeCacheSize                    = 251658240                              {pd product} {ergonomic}
     bool SegmentedCodeCache                       = true                                      {product} {ergonomic}
   size_t SoftMaxHeapSize                          = 8510242816                             {manageable} {ergonomic}
     bool UseCompressedOops                        = true                           {product lp64_product} {ergonomic}
     bool UseG1GC                                  = true                                      {product} {ergonomic}
     bool UseLargePagesIndividualAllocation        = false                                  {pd product} {ergonomic}

Logging:
Log output configuration:
 #0: stdout all=warning uptime,level,tags foldmultilines=false
 #1: stderr all=off uptime,level,tags foldmultilines=false

Environment Variables:
PATH=C:\Program Files\Common Files\Oracle\Java\javapath;C:\Program Files (x86)\Common Files\Oracle\Java\java8path;C:\Program Files (x86)\Common Files\Oracle\Java\javapath;C:\Program Files\Microsoft MPI\Bin\;C:\Windows\system32;C:\Windows;C:\Windows\System32\Wbem;C:\Windows\System32\WindowsPowerShell\v1.0\;C:\Windows\System32\OpenSSH\;C:\Program Files\dotnet\;C:\Program Files (x86)\NVIDIA Corporation\PhysX\Common;C:\WINDOWS\system32;C:\WINDOWS;C:\WINDOWS\System32\Wbem;C:\WINDOWS\System32\WindowsPowerShell\v1.0\;C:\WINDOWS\System32\OpenSSH\;C:\Program Files\NVIDIA Corporation\NVIDIA app\NvDLISR;C:\Program Files\AutoFirma\AutoFirma;C:\Program Files\Git\cmd;C:\Users\DELL\AppData\Local\Programs\Python\Python312\Scripts\;C:\Users\DELL\AppData\Local\Programs\Python\Python312\;C:\Users\DELL\AppData\Local\Microsoft\WindowsApps;C:\Users\DELL\AppData\Local\GitHubDesktop\bin;C:\Users\DELL\AppData\Local\Programs\Microsoft VS Code\bin
USERNAME=DELL
OS=Windows_NT
PROCESSOR_IDENTIFIER=Intel64 Family 6 Model 183 Stepping 1, GenuineIntel
TMP=C:\Users\DELL\AppData\Local\Temp
TEMP=C:\Users\DELL\AppData\Local\Temp




Periodic native trim disabled

---------------  S Y S T E M  ---------------

OS:
 Windows 11 , 64 bit Build 26100 (10.0.26100.3912)
OS uptime: 13 days 8:15 hours
Hyper-V role detected

CPU: total 32 (initial active 32) (16 cores per cpu, 2 threads per core) family 6 model 183 stepping 1 microcode 0x12c, cx8, cmov, fxsr, ht, mmx, 3dnowpref, sse, sse2, sse3, ssse3, sse4.1, sse4.2, popcnt, lzcnt, tsc, tscinvbit, avx, avx2, aes, erms, clmul, bmi1, bmi2, adx, sha, fma, vzeroupper, clflush, clflushopt, clwb, hv, serialize, rdtscp, rdpid, fsrm, gfni, f16c, cet_ibt, cet_ss
Processor Information for the first 32 processors :
  Max Mhz: 2200, Current Mhz: 2200, Mhz Limit: 2200

Memory: 4k page, system-wide physical 32452M (13114M free)
TotalPageFile size 73412M (AvailPageFile size 47541M)
current process WorkingSet (physical memory assigned to process): 100M, peak: 100M
current process commit charge ("private bytes"): 688M, peak: 689M

vm_info: OpenJDK 64-Bit Server VM (24+36-3646) for windows-amd64 JRE (24+36-3646), built on 2025-02-06T00:20:43Z with MS VC++ 17.6 (VS2022)

END.
